WARNING:root:ERROR dla: https://www.sts.pl/pl/oferta/zaklady-bukmacherskie/zaklady-sportowe/?action=offer&sport=184&region=6502&league=43461&oppty=128429998
INFO:root:Nieznana nazwa: CS Brugge
WARNING:root:ERROR dla: https://www.sts.pl/pl/oferta/zaklady-bukmacherskie/zaklady-sportowe/?action=offer&sport=184&region=6507&league=4013&oppty=130931457
INFO:root:Nieznana nazwa: Antwerpia
WARNING:root:ERROR dla: https://www.sts.pl/pl/oferta/zaklady-bukmacherskie/zaklady-sportowe/?action=offer&sport=184&region=6507&league=4013&oppty=130931417
INFO:root:Nieznana nazwa: St. Truiden
WARNING:root:ERROR dla: https://www.sts.pl/pl/oferta/zaklady-bukmacherskie/zaklady-sportowe/?action=offer&sport=184&region=6507&league=4013&oppty=130931476
WARNING:root:ERROR dla: https://www.sts.pl/pl/oferta/zaklady-bukmacherskie/zaklady-sportowe/?action=offer&sport=184&region=6521&league=4080&oppty=127492923
INFO:root:Nieznana nazwa: Wolverhampton Wanderers
WARNING:root:ERROR dla: https://www.sts.pl/pl/oferta/zaklady-bukmacherskie/zaklady-sportowe/?action=offer&sport=184&region=6521&league=4080&oppty=127492990
INFO:root:Nieznana nazwa: Wolverhampton Wanderers
WARNING:root:ERROR dla: https://www.sts.pl/pl/oferta/zaklady-bukmacherskie/zaklady-sportowe/?action=offer&sport=184&region=6521&league=4080&oppty=127493075
INFO:root:Nieznana nazwa: TSV Hartberg
WARNING:root:ERROR dla: https://www.sts.pl/pl/oferta/zaklady-bukmacherskie/zaklady-sportowe/?action=offer&sport=184&region=6534&league=4243&oppty=147870593
INFO:root:Nieznana nazwa: St. Polten
WARNING:root:ERROR dla: https://www.sts.pl/pl/oferta/zaklady-bukmacherskie/zaklady-sportowe/?action=offer&sport=184&region=6534&league=4243&oppty=147870595
INFO:root:Nieznana nazwa: Sturm
INFO:root:Nieznana nazwa: W. Innsbruck
WARNING:root:ERROR dla: https://www.sts.pl/pl/oferta/zaklady-bukmacherskie/zaklady-sportowe/?action=offer&sport=184&region=6534&league=4243&oppty=147870598
INFO:root:Nieznana nazwa: Aus. Wiedeń
INFO:root:Nieznana nazwa: Wolfsberger
WARNING:root:ERROR dla: https://www.sts.pl/pl/oferta/zaklady-bukmacherskie/zaklady-sportowe/?action=offer&sport=184&region=6534&league=4243&oppty=147870597
WARNING:root:Paris SG - Lille
WARNING:root:Nieznany zaklad: liczba rzutów rożnych 7.5 - poniżej/powyżej
WARNING:root:ERROR dla: https://www.sts.pl/pl/oferta/zaklady-bukmacherskie/zaklady-sportowe/?action=offer&sport=184&region=6535&league=3994&oppty=125807100
INFO:root:Nieznana nazwa: Olympique Nimes
WARNING:root:ERROR dla: https://www.sts.pl/pl/oferta/zaklady-bukmacherskie/zaklady-sportowe/?action=offer&sport=184&region=6535&league=3994&oppty=125807114
INFO:root:Nieznana nazwa: Graafschap
WARNING:root:ERROR dla: https://www.sts.pl/pl/oferta/zaklady-bukmacherskie/zaklady-sportowe/?action=offer&sport=184&region=6490&league=4032&oppty=147901498
INFO:root:Nieznana nazwa: Emmen
WARNING:root:ERROR dla: https://www.sts.pl/pl/oferta/zaklady-bukmacherskie/zaklady-sportowe/?action=offer&sport=184&region=6490&league=4032&oppty=148032782
INFO:root:Nieznana nazwa: F. Sittard
WARNING:root:ERROR dla: https://www.sts.pl/pl/oferta/zaklady-bukmacherskie/zaklady-sportowe/?action=offer&sport=184&region=6490&league=4032&oppty=148050511
WARNING:root:Stuttgart - Eint.Frankfurt
WARNING:root:Nieznany zaklad: liczba rzutów rożnych 7.5 - poniżej/powyżej
INFO:root:Nieznana nazwa: Nuernberg
WARNING:root:ERROR dla: https://www.sts.pl/pl/oferta/zaklady-bukmacherskie/zaklady-sportowe/?action=offer&sport=184&region=6482&league=4079&oppty=129231268
INFO:root:Nieznana nazwa: Nuernberg
WARNING:root:ERROR dla: https://www.sts.pl/pl/oferta/zaklady-bukmacherskie/zaklady-sportowe/?action=offer&sport=184&region=6482&league=4079&oppty=129231423
INFO:root:Nieznana nazwa: Nuernberg
WARNING:root:ERROR dla: https://www.sts.pl/pl/oferta/zaklady-bukmacherskie/zaklady-sportowe/?action=offer&sport=184&region=6482&league=4079&oppty=129231299
INFO:root:Nieznana nazwa: Portimonense
WARNING:root:ERROR dla: https://www.sts.pl/pl/oferta/zaklady-bukmacherskie/zaklady-sportowe/?action=offer&sport=184&region=6516&league=4234&oppty=148071409
INFO:root:Nieznana nazwa: Santa Clara
WARNING:root:ERROR dla: https://www.sts.pl/pl/oferta/zaklady-bukmacherskie/zaklady-sportowe/?action=offer&sport=184&region=6516&league=4234&oppty=148071415
INFO:root:Nieznana nazwa: Nacional
WARNING:root:ERROR dla: https://www.sts.pl/pl/oferta/zaklady-bukmacherskie/zaklady-sportowe/?action=offer&sport=184&region=6516&league=4234&oppty=148071412
INFO:root:Nieznana nazwa: Grozny
WARNING:root:ERROR dla: https://www.sts.pl/pl/oferta/zaklady-bukmacherskie/zaklady-sportowe/?action=offer&sport=184&region=6493&league=4000&oppty=148026583
INFO:root:Nieznana nazwa: Orenburg
WARNING:root:ERROR dla: https://www.sts.pl/pl/oferta/zaklady-bukmacherskie/zaklady-sportowe/?action=offer&sport=184&region=6493&league=4000&oppty=148230994
INFO:root:Nieznana nazwa: Kr. Sovetov
WARNING:root:ERROR dla: https://www.sts.pl/pl/oferta/zaklady-bukmacherskie/zaklady-sportowe/?action=offer&sport=184&region=6493&league=4000&oppty=148249206
INFO:root:Nieznana nazwa: Krasnojarsk
WARNING:root:ERROR dla: https://www.sts.pl/pl/oferta/zaklady-bukmacherskie/zaklady-sportowe/?action=offer&sport=184&region=6493&league=4000&oppty=148272868
WARNING:root:Napoli - Empoli
WARNING:root:Nieznany zaklad: liczba rzutów rożnych 6.5 - poniżej/powyżej
WARNING:root:Napoli - Empoli
WARNING:root:Nieznany zaklad: liczba rzutów rożnych 7.5 - poniżej/powyżej
WARNING:root:ERROR dla: https://www.sts.pl/pl/oferta/zaklady-bukmacherskie/zaklady-sportowe/?action=offer&sport=184&region=6501&league=3986&oppty=149099297
INFO:root:Nieznana nazwa: HNK Gorica
WARNING:root:ERROR dla: https://www.sts.pl/pl/oferta/zaklady-bukmacherskie/zaklady-sportowe/?action=offer&sport=184&region=6539&league=4070&oppty=147870590
INFO:root:Nieznana nazwa: Erzurum Buyuksehir
WARNING:root:ERROR dla: https://www.sts.pl/pl/oferta/zaklady-bukmacherskie/zaklady-sportowe/?action=offer&sport=184&region=6527&league=4074&oppty=148086893
INFO:root:Nieznana nazwa: Ankaragucu
WARNING:root:ERROR dla: https://www.sts.pl/pl/oferta/zaklady-bukmacherskie/zaklady-sportowe/?action=offer&sport=184&region=6527&league=4074&oppty=148086892
INFO:root:Nieznana nazwa: Rize
WARNING:root:ERROR dla: https://www.sts.pl/pl/oferta/zaklady-bukmacherskie/zaklady-sportowe/?action=offer&sport=184&region=6527&league=4074&oppty=148086896
INFO:root:Nieznana nazwa: Paderborn
WARNING:root:ERROR dla: https://www.sts.pl/pl/oferta/zaklady-bukmacherskie/zaklady-sportowe/?action=offer&sport=184&region=6482&league=3954&oppty=129230251
INFO:root:Nieznana nazwa: FC Magdeburg
WARNING:root:ERROR dla: https://www.sts.pl/pl/oferta/zaklady-bukmacherskie/zaklady-sportowe/?action=offer&sport=184&region=6482&league=3954&oppty=129230252
WARNING:root:ERROR dla: https://www.sts.pl/pl/oferta/zaklady-bukmacherskie/zaklady-sportowe/?action=offer&sport=184&region=6482&league=3954&oppty=129230247
INFO:root:Nieznana nazwa: FC Torpedo-Maz Mińsk
WARNING:root:ERROR dla: https://www.sts.pl/pl/oferta/zaklady-bukmacherskie/zaklady-sportowe/?action=offer&sport=184&region=6500&league=4218&oppty=148054081
INFO:root:Nieznana nazwa: Luch Mińsk
WARNING:root:ERROR dla: https://www.sts.pl/pl/oferta/zaklady-bukmacherskie/zaklady-sportowe/?action=offer&sport=184&region=6500&league=4218&oppty=148054082
INFO:root:Nieznana nazwa: Wigwam Smolevichy
WARNING:root:ERROR dla: https://www.sts.pl/pl/oferta/zaklady-bukmacherskie/zaklady-sportowe/?action=offer&sport=184&region=6500&league=4218&oppty=148257346
INFO:root:Nieznana nazwa: Blackburn
WARNING:root:ERROR dla: https://www.sts.pl/pl/oferta/zaklady-bukmacherskie/zaklady-sportowe/?action=offer&sport=184&region=6521&league=4036&oppty=127494490
WARNING:root:ERROR dla: https://www.sts.pl/pl/oferta/zaklady-bukmacherskie/zaklady-sportowe/?action=offer&sport=184&region=6521&league=4036&oppty=127494496
INFO:root:Nieznana nazwa: Rotherham
WARNING:root:ERROR dla: https://www.sts.pl/pl/oferta/zaklady-bukmacherskie/zaklady-sportowe/?action=offer&sport=184&region=6521&league=4036&oppty=127494497
INFO:root:Nieznana nazwa: Wigan
WARNING:root:ERROR dla: https://www.sts.pl/pl/oferta/zaklady-bukmacherskie/zaklady-sportowe/?action=offer&sport=184&region=6521&league=4036&oppty=127494500
INFO:root:Nieznana nazwa: Verona
WARNING:root:ERROR dla: https://www.sts.pl/pl/oferta/zaklady-bukmacherskie/zaklady-sportowe/?action=offer&sport=184&region=6501&league=4073&oppty=147701406
INFO:root:Nieznana nazwa: Cosenza Calcio
WARNING:root:ERROR dla: https://www.sts.pl/pl/oferta/zaklady-bukmacherskie/zaklady-sportowe/?action=offer&sport=184&region=6501&league=4073&oppty=147843836
INFO:root:Nieznana nazwa: Padova
WARNING:root:ERROR dla: https://www.sts.pl/pl/oferta/zaklady-bukmacherskie/zaklady-sportowe/?action=offer&sport=184&region=6501&league=4073&oppty=147843837
INFO:root:Nieznana nazwa: Livorno
WARNING:root:ERROR dla: https://www.sts.pl/pl/oferta/zaklady-bukmacherskie/zaklady-sportowe/?action=offer&sport=184&region=6501&league=4073&oppty=148105260
INFO:root:Nieznana nazwa: US Lecce
WARNING:root:ERROR dla: https://www.sts.pl/pl/oferta/zaklady-bukmacherskie/zaklady-sportowe/?action=offer&sport=184&region=6501&league=4073&oppty=148305284
INFO:root:Nieznana nazwa: Parana Clube PR
WARNING:root:ERROR dla: https://www.sts.pl/pl/oferta/zaklady-bukmacherskie/zaklady-sportowe/?action=offer&sport=184&region=6563&league=4121&oppty=143872520
INFO:root:Nieznana nazwa: America Mineiro
WARNING:root:ERROR dla: https://www.sts.pl/pl/oferta/zaklady-bukmacherskie/zaklady-sportowe/?action=offer&sport=184&region=6563&league=4121&oppty=143872524
INFO:root:Nieznana nazwa: Internacional
WARNING:root:ERROR dla: https://www.sts.pl/pl/oferta/zaklady-bukmacherskie/zaklady-sportowe/?action=offer&sport=184&region=6563&league=4121&oppty=143872521
INFO:root:Nieznana nazwa: Ceara CE
WARNING:root:ERROR dla: https://www.sts.pl/pl/oferta/zaklady-bukmacherskie/zaklady-sportowe/?action=offer&sport=184&region=6563&league=4121&oppty=143872523
INFO:root:Nieznana nazwa: Vit. Bistritsa
WARNING:root:ERROR dla: https://www.sts.pl/pl/oferta/zaklady-bukmacherskie/zaklady-sportowe/?action=offer&sport=184&region=6565&league=4281&oppty=147853895
INFO:root:Nieznana nazwa: Botev Vratsa
WARNING:root:ERROR dla: https://www.sts.pl/pl/oferta/zaklady-bukmacherskie/zaklady-sportowe/?action=offer&sport=184&region=6565&league=4281&oppty=147853897
INFO:root:Nieznana nazwa: D.U. La Calera
WARNING:root:ERROR dla: https://www.sts.pl/pl/oferta/zaklady-bukmacherskie/zaklady-sportowe/?action=offer&sport=184&region=6481&league=3879&oppty=147870620
INFO:root:Nieznana nazwa: Vendsyssel FF
WARNING:root:ERROR dla: https://www.sts.pl/pl/oferta/zaklady-bukmacherskie/zaklady-sportowe/?action=offer&sport=184&region=6497&league=4210&oppty=147694872
INFO:root:Nieznana nazwa: Esbjerg
WARNING:root:ERROR dla: https://www.sts.pl/pl/oferta/zaklady-bukmacherskie/zaklady-sportowe/?action=offer&sport=184&region=6497&league=4210&oppty=148084083
INFO:root:Nieznana nazwa: Vejle BK
WARNING:root:ERROR dla: https://www.sts.pl/pl/oferta/zaklady-bukmacherskie/zaklady-sportowe/?action=offer&sport=184&region=6497&league=4210&oppty=148289233
INFO:root:Nieznana nazwa: Aris
WARNING:root:ERROR dla: https://www.sts.pl/pl/oferta/zaklady-bukmacherskie/zaklady-sportowe/?action=offer&sport=184&region=6487&league=4132&oppty=148081257
INFO:root:Nieznana nazwa: OFI Kreta
WARNING:root:ERROR dla: https://www.sts.pl/pl/oferta/zaklady-bukmacherskie/zaklady-sportowe/?action=offer&sport=184&region=6487&league=4132&oppty=148084086
INFO:root:Nieznana nazwa: Hermannstadt
WARNING:root:ERROR dla: https://www.sts.pl/pl/oferta/zaklady-bukmacherskie/zaklady-sportowe/?action=offer&sport=184&region=6485&league=3880&oppty=147859888
INFO:root:Nieznana nazwa: Dunarea Calarasi
WARNING:root:ERROR dla: https://www.sts.pl/pl/oferta/zaklady-bukmacherskie/zaklady-sportowe/?action=offer&sport=184&region=6485&league=3880&oppty=148026587
INFO:root:Nieznana nazwa: Proleter Nowy Sad
WARNING:root:ERROR dla: https://www.sts.pl/pl/oferta/zaklady-bukmacherskie/zaklady-sportowe/?action=offer&sport=184&region=6531&league=4139&oppty=148081259
INFO:root:Nieznana nazwa: Dinamo Vranje
WARNING:root:ERROR dla: https://www.sts.pl/pl/oferta/zaklady-bukmacherskie/zaklady-sportowe/?action=offer&sport=184&region=6531&league=4139&oppty=148081262
INFO:root:Nieznana nazwa: St. Mirren
WARNING:root:ERROR dla: https://www.sts.pl/pl/oferta/zaklady-bukmacherskie/zaklady-sportowe/?action=offer&sport=184&region=6508&league=3996&oppty=128276180
INFO:root:Nieznana nazwa: Livingston FC
WARNING:root:ERROR dla: https://www.sts.pl/pl/oferta/zaklady-bukmacherskie/zaklady-sportowe/?action=offer&sport=184&region=6508&league=3996&oppty=128276176
INFO:root:Nieznana nazwa: Brommapojkarna
WARNING:root:ERROR dla: https://www.sts.pl/pl/oferta/zaklady-bukmacherskie/zaklady-sportowe/?action=offer&sport=184&region=6489&league=5641&oppty=148289234
INFO:root:Nieznana nazwa: Dalkurd
WARNING:root:ERROR dla: https://www.sts.pl/pl/oferta/zaklady-bukmacherskie/zaklady-sportowe/?action=offer&sport=184&region=6489&league=5641&oppty=148289235
INFO:root:Nieznana nazwa: Trelleborgs
WARNING:root:ERROR dla: https://www.sts.pl/pl/oferta/zaklady-bukmacherskie/zaklady-sportowe/?action=offer&sport=184&region=6489&league=5641&oppty=148289236
INFO:root:Nieznana nazwa: Neuchatel Xamax Fcs
WARNING:root:ERROR dla: https://www.sts.pl/pl/oferta/zaklady-bukmacherskie/zaklady-sportowe/?action=offer&sport=184&region=6538&league=4009&oppty=147887127
INFO:root:Nieznana nazwa: TNS
WARNING:root:ERROR dla: https://www.sts.pl/pl/oferta/zaklady-bukmacherskie/zaklady-sportowe/?action=offer&sport=184&region=6542&league=4088&oppty=147699665
INFO:root:Nieznana nazwa: Llanelli
WARNING:root:ERROR dla: https://www.sts.pl/pl/oferta/zaklady-bukmacherskie/zaklady-sportowe/?action=offer&sport=184&region=6542&league=4088&oppty=147856898
INFO:root:Nieznana nazwa: Caernarfon Town FC
WARNING:root:ERROR dla: https://www.sts.pl/pl/oferta/zaklady-bukmacherskie/zaklady-sportowe/?action=offer&sport=184&region=6542&league=4088&oppty=147856899
INFO:root:Nieznana nazwa: Cardiff Met
WARNING:root:ERROR dla: https://www.sts.pl/pl/oferta/zaklady-bukmacherskie/zaklady-sportowe/?action=offer&sport=184&region=6542&league=4088&oppty=147900122
INFO:root:Nieznana nazwa: Barry Town
WARNING:root:ERROR dla: https://www.sts.pl/pl/oferta/zaklady-bukmacherskie/zaklady-sportowe/?action=offer&sport=184&region=6542&league=4088&oppty=148056948
INFO:root:Nieznana nazwa: MTK Budapeszt
WARNING:root:ERROR dla: https://www.sts.pl/pl/oferta/zaklady-bukmacherskie/zaklady-sportowe/?action=offer&sport=184&region=6498&league=3901&oppty=147870584
INFO:root:Nieznana nazwa: Red Star
WARNING:root:ERROR dla: https://www.sts.pl/pl/oferta/zaklady-bukmacherskie/zaklady-sportowe/?action=offer&sport=184&region=6535&league=4015&oppty=147694815
INFO:root:Nieznana nazwa: FC Paris
WARNING:root:ERROR dla: https://www.sts.pl/pl/oferta/zaklady-bukmacherskie/zaklady-sportowe/?action=offer&sport=184&region=6535&league=4015&oppty=147694818
INFO:root:Nieznana nazwa: Grenoble
WARNING:root:ERROR dla: https://www.sts.pl/pl/oferta/zaklady-bukmacherskie/zaklady-sportowe/?action=offer&sport=184&region=6535&league=4015&oppty=147694814
INFO:root:Nieznana nazwa: Beziers
WARNING:root:ERROR dla: https://www.sts.pl/pl/oferta/zaklady-bukmacherskie/zaklady-sportowe/?action=offer&sport=184&region=6535&league=4015&oppty=147694835
INFO:root:Nieznana nazwa: Extremadura
WARNING:root:ERROR dla: https://www.sts.pl/pl/oferta/zaklady-bukmacherskie/zaklady-sportowe/?action=offer&sport=184&region=6488&league=4167&oppty=148054077
INFO:root:Nieznana nazwa: Elche
WARNING:root:ERROR dla: https://www.sts.pl/pl/oferta/zaklady-bukmacherskie/zaklady-sportowe/?action=offer&sport=184&region=6488&league=4167&oppty=148064415
INFO:root:Nieznana nazwa: Mallorca
WARNING:root:ERROR dla: https://www.sts.pl/pl/oferta/zaklady-bukmacherskie/zaklady-sportowe/?action=offer&sport=184&region=6488&league=4167&oppty=148064413
INFO:root:Nieznana nazwa: Rayo Majadahonda
WARNING:root:ERROR dla: https://www.sts.pl/pl/oferta/zaklady-bukmacherskie/zaklady-sportowe/?action=offer&sport=184&region=6488&league=4167&oppty=148064406
INFO:root:Nieznana nazwa: Warta
WARNING:root:ERROR dla: https://www.sts.pl/pl/oferta/zaklady-bukmacherskie/zaklady-sportowe/?action=offer&sport=184&region=6502&league=4264&oppty=128430318
INFO:root:Nieznana nazwa: Garbarnia
WARNING:root:ERROR dla: https://www.sts.pl/pl/oferta/zaklady-bukmacherskie/zaklady-sportowe/?action=offer&sport=184&region=6502&league=4264&oppty=128430316
INFO:root:Nieznana nazwa: Jastrzębie
WARNING:root:ERROR dla: https://www.sts.pl/pl/oferta/zaklady-bukmacherskie/zaklady-sportowe/?action=offer&sport=184&region=6502&league=4264&oppty=128430323
