INFO:root:Nieznana nazwa: Fulham FC
INFO:root:Nieznana nazwa: Cardiff City FC
INFO:root:Nieznana nazwa: Wolverhampton Wanderers
INFO:root:Nieznana nazwa: Stade Reims
INFO:root:Nieznana nazwa: Nimes Olympique
INFO:root:Nieznana nazwa: 1. FC Nurnberg
INFO:root:Nieznana nazwa: 1. FC Nurnberg
INFO:root:Nieznana nazwa: Red Star 93 FC
INFO:root:Nieznana nazwa: Chamois Niortais FC
INFO:root:Nieznana nazwa: AS Nancy Lorraine
INFO:root:Nieznana nazwa: AS Beziers
INFO:root:Nieznana nazwa: Le Havre AC
INFO:root:Nieznana nazwa: Clermont Foot
INFO:root:Nieznana nazwa: LB Chateauroux
INFO:root:Nieznana nazwa: Valenciennes FC
INFO:root:Nieznana nazwa: AJ Auxerre
INFO:root:Nieznana nazwa: Stade Brestois
INFO:root:Nieznana nazwa: Grenoble Foot 38
INFO:root:Nieznana nazwa: FC Sochaux Montbeliard
INFO:root:Nieznana nazwa: US Orleans
INFO:root:Nieznana nazwa: RC Lens
INFO:root:Nieznana nazwa: De Graafschap
INFO:root:Nieznana nazwa: FC Emmen
INFO:root:Nieznana nazwa: Fortuna Sittard
INFO:root:Nieznana nazwa: Cercle Brugge KSV
INFO:root:Nieznana nazwa: Livingston FC
INFO:root:Nieznana nazwa: St Mirren FC
INFO:root:Nieznana nazwa: FC Wacker Innsbruck
INFO:root:Nieznana nazwa: TSV Hartberg
