WARNING:root:ERROR dla: https://m.iforbet.pl/rest/market/events/4738675
INFO:root:Nie znalaz≥em zak≥adu PodwÛjna szansa - 1 po≥owa Fulham FC/X
INFO:root:Nie znalaz≥em zak≥adu PodwÛjna szansa - 1 po≥owa Fulham FC/Wolverhampton Wanderers
INFO:root:Nie znalaz≥em zak≥adu PodwÛjna szansa - 1 po≥owa X/FC Everton
INFO:root:Nie znalaz≥em zak≥adu PodwÛjna szansa - 1 po≥owa FC Burnley/FC Everton
INFO:root:Nie znalaz≥em zak≥adu PodwÛjna szansa - 1 po≥owa Tottenham Hotspur/X
INFO:root:Nie znalaz≥em zak≥adu PodwÛjna szansa - 1 po≥owa Tottenham Hotspur/Bournemouth AFC
INFO:root:Nie znalaz≥em zak≥adu 1X2 Genua
INFO:root:Nie znalaz≥em zak≥adu Remis - nie ma zak≥adu (remis=zwrot) Genua
INFO:root:Nie znalaz≥em zak≥adu Wynik 1 po≥owy Genua
INFO:root:Nie znalaz≥em zak≥adu PodwÛjna szansa - 1 po≥owa X/Genua
INFO:root:Nie znalaz≥em zak≥adu PodwÛjna szansa - 1 po≥owa Cagliari/Genua
INFO:root:Nie znalaz≥em zak≥adu Handicap 0:1 Genua
INFO:root:Nie znalaz≥em zak≥adu Handicap 1:0 Genua
WARNING:root:ERROR dla: https://m.iforbet.pl/rest/market/events/5955142
WARNING:root:ERROR dla: https://m.iforbet.pl/rest/market/events/5955142
WARNING:root:ERROR dla: https://m.iforbet.pl/rest/market/events/5971040
WARNING:root:ERROR dla: https://m.iforbet.pl/rest/market/events/6354087
WARNING:root:ERROR dla: https://m.iforbet.pl/rest/market/events/6354088
INFO:root:Nie znalaz≥em zak≥adu 1X2 Genua
INFO:root:Nie znalaz≥em zak≥adu Remis - nie ma zak≥adu (remis=zwrot) Genua
INFO:root:Nie znalaz≥em zak≥adu Wynik 1 po≥owy Genua
INFO:root:Nie znalaz≥em zak≥adu PodwÛjna szansa - 1 po≥owa X/Genua
INFO:root:Nie znalaz≥em zak≥adu PodwÛjna szansa - 1 po≥owa Cagliari/Genua
INFO:root:Nie znalaz≥em zak≥adu Handicap 0:1 Genua
INFO:root:Nie znalaz≥em zak≥adu Handicap 1:0 Genua
WARNING:root:ERROR dla: https://m.iforbet.pl/rest/market/events/5955142
WARNING:root:ERROR dla: https://m.iforbet.pl/rest/market/events/5971040
WARNING:root:ERROR dla: https://m.iforbet.pl/rest/market/events/6354087
WARNING:root:ERROR dla: https://m.iforbet.pl/rest/market/events/6354088
WARNING:root:ERROR dla: https://m.iforbet.pl/rest/market/events/5955142
WARNING:root:ERROR dla: https://m.iforbet.pl/rest/market/events/5971040
WARNING:root:ERROR dla: https://m.iforbet.pl/rest/market/events/6354087
INFO:root:Nie znalaz≥em zak≥adu 1X2 Genua
INFO:root:Nie znalaz≥em zak≥adu Remis - nie ma zak≥adu (remis=zwrot) Genua
INFO:root:Nie znalaz≥em zak≥adu Wynik 1 po≥owy Genua
INFO:root:Nie znalaz≥em zak≥adu PodwÛjna szansa - 1 po≥owa X/Genua
INFO:root:Nie znalaz≥em zak≥adu PodwÛjna szansa - 1 po≥owa Cagliari/Genua
INFO:root:Nie znalaz≥em zak≥adu Wynik koÒcowy i Poniøej/Powyøej 1.5 bramki Genua i Poniøej 1.5 bramki
INFO:root:Nie znalaz≥em zak≥adu Wynik koÒcowy i Poniøej/Powyøej 1.5 bramki Genua i Powyøej 1.5 bramki
INFO:root:Nie znalaz≥em zak≥adu Wynik koÒcowy i Poniøej/Powyøej 2.5 bramki Genua i Poniøej 2.5 bramki
INFO:root:Nie znalaz≥em zak≥adu Wynik koÒcowy i Poniøej/Powyøej 2.5 bramki Genua i Powyøej 2.5 bramki
INFO:root:Nie znalaz≥em zak≥adu Wynik koÒcowy i Poniøej/Powyøej 3.5 bramki Genua i Powyøej 3.5 bramki
INFO:root:Nie znalaz≥em zak≥adu Wynik koÒcowy i Poniøej/Powyøej 3.5 bramki Genua i Powyøej 3.5 bramki
INFO:root:Nie znalaz≥em zak≥adu Handicap 0:1 Genua
INFO:root:Nie znalaz≥em zak≥adu Handicap 1:0 Genua
INFO:root:Nie znalaz≥em zak≥adu Wynik koÒcowy i Poniøej/Powyøej 1.5 bramki Tottenham Hotspur i Poniøej 1.5 bramki
INFO:root:Nie znalaz≥em zak≥adu Wynik koÒcowy i Poniøej/Powyøej 1.5 bramki Tottenham Hotspur i Powyøej 1.5 bramki
INFO:root:Nie znalaz≥em zak≥adu Wynik koÒcowy i Poniøej/Powyøej 2.5 bramki Tottenham Hotspur i Poniøej 2.5 bramki
INFO:root:Nie znalaz≥em zak≥adu Wynik koÒcowy i Poniøej/Powyøej 2.5 bramki Tottenham Hotspur i Powyøej 2.5 bramki
INFO:root:Nie znalaz≥em zak≥adu Wynik koÒcowy i Poniøej/Powyøej 3.5 bramki Tottenham Hotspur i Powyøej 3.5 bramki
INFO:root:Nie znalaz≥em zak≥adu Wynik koÒcowy i Poniøej/Powyøej 3.5 bramki Tottenham Hotspur i Powyøej 3.5 bramki
INFO:root:Nie znalaz≥em zak≥adu PodwÛjna szansa - 1 po≥owa Fulham FC/X
INFO:root:Nie znalaz≥em zak≥adu PodwÛjna szansa - 1 po≥owa Fulham FC/Wolverhampton Wanderers
INFO:root:Nie znalaz≥em zak≥adu Wynik koÒcowy i Poniøej/Powyøej 1.5 bramki Fulham FC i Poniøej 1.5 bramki
INFO:root:Nie znalaz≥em zak≥adu Wynik koÒcowy i Poniøej/Powyøej 1.5 bramki Fulham FC i Powyøej 1.5 bramki
INFO:root:Nie znalaz≥em zak≥adu Wynik koÒcowy i Poniøej/Powyøej 1.5 bramki Wolverhampton Wanderers i Poniøej 1.5 bramki
INFO:root:Nie znalaz≥em zak≥adu Wynik koÒcowy i Poniøej/Powyøej 1.5 bramki Wolverhampton Wanderers i Powyøej 1.5 bramki
INFO:root:Nie znalaz≥em zak≥adu Wynik koÒcowy i Poniøej/Powyøej 2.5 bramki Fulham FC i Poniøej 2.5 bramki
INFO:root:Nie znalaz≥em zak≥adu Wynik koÒcowy i Poniøej/Powyøej 2.5 bramki Fulham FC i Powyøej 2.5 bramki
INFO:root:Nie znalaz≥em zak≥adu Wynik koÒcowy i Poniøej/Powyøej 2.5 bramki Wolverhampton Wanderers i Poniøej 2.5 bramki
INFO:root:Nie znalaz≥em zak≥adu Wynik koÒcowy i Poniøej/Powyøej 2.5 bramki Wolverhampton Wanderers i Powyøej 2.5 bramki
INFO:root:Nie znalaz≥em zak≥adu Wynik koÒcowy i Poniøej/Powyøej 3.5 bramki Fulham FC i Poniøej 3.5 bramki
INFO:root:Nie znalaz≥em zak≥adu Wynik koÒcowy i Poniøej/Powyøej 3.5 bramki Fulham FC i Powyøej 3.5 bramki
INFO:root:Nie znalaz≥em zak≥adu Wynik koÒcowy i Poniøej/Powyøej 3.5 bramki Wolverhampton Wanderers i Powyøej 3.5 bramki
INFO:root:Nie znalaz≥em zak≥adu Wynik koÒcowy i Poniøej/Powyøej 3.5 bramki Wolverhampton Wanderers i Powyøej 3.5 bramki
INFO:root:Nie znalaz≥em zak≥adu PodwÛjna szansa - 1 po≥owa X/FC Everton
INFO:root:Nie znalaz≥em zak≥adu PodwÛjna szansa - 1 po≥owa FC Burnley/FC Everton
INFO:root:Nie znalaz≥em zak≥adu Wynik koÒcowy i Poniøej/Powyøej 1.5 bramki Cardiff City i Poniøej 1.5 bramki
INFO:root:Nie znalaz≥em zak≥adu Wynik koÒcowy i Poniøej/Powyøej 1.5 bramki Cardiff City i Powyøej 1.5 bramki
INFO:root:Nie znalaz≥em zak≥adu Wynik koÒcowy i Poniøej/Powyøej 2.5 bramki Cardiff City i Poniøej 2.5 bramki
INFO:root:Nie znalaz≥em zak≥adu Wynik koÒcowy i Poniøej/Powyøej 2.5 bramki Cardiff City i Powyøej 2.5 bramki
INFO:root:Nie znalaz≥em zak≥adu Wynik koÒcowy i Poniøej/Powyøej 3.5 bramki Cardiff City i Powyøej 3.5 bramki
INFO:root:Nie znalaz≥em zak≥adu Wynik koÒcowy i Poniøej/Powyøej 3.5 bramki Cardiff City i Powyøej 3.5 bramki
INFO:root:Nie znalaz≥em zak≥adu Wynik koÒcowy i Poniøej/Powyøej 1.5 bramki Newcastle United i Poniøej 1.5 bramki
INFO:root:Nie znalaz≥em zak≥adu Wynik koÒcowy i Poniøej/Powyøej 1.5 bramki Newcastle United i Powyøej 1.5 bramki
INFO:root:Nie znalaz≥em zak≥adu Wynik koÒcowy i Poniøej/Powyøej 2.5 bramki Newcastle United i Poniøej 2.5 bramki
INFO:root:Nie znalaz≥em zak≥adu Wynik koÒcowy i Poniøej/Powyøej 2.5 bramki Newcastle United i Powyøej 2.5 bramki
INFO:root:Nie znalaz≥em zak≥adu Wynik koÒcowy i Poniøej/Powyøej 3.5 bramki Newcastle United i Powyøej 3.5 bramki
INFO:root:Nie znalaz≥em zak≥adu Wynik koÒcowy i Poniøej/Powyøej 3.5 bramki Newcastle United i Powyøej 3.5 bramki
INFO:root:Nie znalaz≥em zak≥adu Wynik koÒcowy i Poniøej/Powyøej 1.5 bramki Huddersfield Town i Poniøej 1.5 bramki
INFO:root:Nie znalaz≥em zak≥adu Wynik koÒcowy i Poniøej/Powyøej 1.5 bramki Huddersfield Town i Powyøej 1.5 bramki
INFO:root:Nie znalaz≥em zak≥adu Wynik koÒcowy i Poniøej/Powyøej 2.5 bramki Huddersfield Town i Poniøej 2.5 bramki
INFO:root:Nie znalaz≥em zak≥adu Wynik koÒcowy i Poniøej/Powyøej 2.5 bramki Huddersfield Town i Powyøej 2.5 bramki
INFO:root:Nie znalaz≥em zak≥adu Wynik koÒcowy i Poniøej/Powyøej 3.5 bramki Huddersfield Town i Powyøej 3.5 bramki
INFO:root:Nie znalaz≥em zak≥adu Wynik koÒcowy i Poniøej/Powyøej 3.5 bramki Huddersfield Town i Powyøej 3.5 bramki
INFO:root:Nie znalaz≥em zak≥adu PodwÛjna szansa - 1 po≥owa Tottenham Hotspur/X
INFO:root:Nie znalaz≥em zak≥adu PodwÛjna szansa - 1 po≥owa Tottenham Hotspur/Bournemouth AFC
INFO:root:Nie znalaz≥em zak≥adu Wynik koÒcowy i Poniøej/Powyøej 1.5 bramki Tottenham Hotspur i Poniøej 1.5 bramki
INFO:root:Nie znalaz≥em zak≥adu Wynik koÒcowy i Poniøej/Powyøej 1.5 bramki Tottenham Hotspur i Powyøej 1.5 bramki
INFO:root:Nie znalaz≥em zak≥adu Wynik koÒcowy i Poniøej/Powyøej 1.5 bramki Bournemouth AFC i Poniøej 1.5 bramki
INFO:root:Nie znalaz≥em zak≥adu Wynik koÒcowy i Poniøej/Powyøej 1.5 bramki Bournemouth AFC i Powyøej 1.5 bramki
INFO:root:Nie znalaz≥em zak≥adu Wynik koÒcowy i Poniøej/Powyøej 2.5 bramki Tottenham Hotspur i Poniøej 2.5 bramki
INFO:root:Nie znalaz≥em zak≥adu Wynik koÒcowy i Poniøej/Powyøej 2.5 bramki Tottenham Hotspur i Powyøej 2.5 bramki
INFO:root:Nie znalaz≥em zak≥adu Wynik koÒcowy i Poniøej/Powyøej 2.5 bramki Bournemouth AFC i Poniøej 2.5 bramki
INFO:root:Nie znalaz≥em zak≥adu Wynik koÒcowy i Poniøej/Powyøej 2.5 bramki Bournemouth AFC i Powyøej 2.5 bramki
INFO:root:Nie znalaz≥em zak≥adu Wynik koÒcowy i Poniøej/Powyøej 3.5 bramki Tottenham Hotspur i Poniøej 3.5 bramki
INFO:root:Nie znalaz≥em zak≥adu Wynik koÒcowy i Poniøej/Powyøej 3.5 bramki Tottenham Hotspur i Powyøej 3.5 bramki
INFO:root:Nie znalaz≥em zak≥adu Wynik koÒcowy i Poniøej/Powyøej 3.5 bramki Bournemouth AFC i Powyøej 3.5 bramki
INFO:root:Nie znalaz≥em zak≥adu Wynik koÒcowy i Poniøej/Powyøej 3.5 bramki Bournemouth AFC i Powyøej 3.5 bramki
INFO:root:Nie znalaz≥em zak≥adu Wynik koÒcowy i Poniøej/Powyøej 1.5 bramki Aston Villa i Poniøej 1.5 bramki
INFO:root:Nie znalaz≥em zak≥adu Wynik koÒcowy i Poniøej/Powyøej 1.5 bramki Aston Villa i Powyøej 1.5 bramki
INFO:root:Nie znalaz≥em zak≥adu Wynik koÒcowy i Poniøej/Powyøej 2.5 bramki Aston Villa i Poniøej 2.5 bramki
INFO:root:Nie znalaz≥em zak≥adu Wynik koÒcowy i Poniøej/Powyøej 2.5 bramki Aston Villa i Powyøej 2.5 bramki
INFO:root:Nie znalaz≥em zak≥adu Wynik koÒcowy i Poniøej/Powyøej 3.5 bramki Aston Villa i Powyøej 3.5 bramki
INFO:root:Nie znalaz≥em zak≥adu Wynik koÒcowy i Poniøej/Powyøej 3.5 bramki Aston Villa i Powyøej 3.5 bramki
INFO:root:Nie znalaz≥em zak≥adu PodwÛjna szansa - 1 po≥owa Fulham FC/X
INFO:root:Nie znalaz≥em zak≥adu PodwÛjna szansa - 1 po≥owa Fulham FC/Wolverhampton Wanderers
INFO:root:Nie znalaz≥em zak≥adu Wynik koÒcowy i Poniøej/Powyøej 1.5 bramki Fulham FC i Poniøej 1.5 bramki
INFO:root:Nie znalaz≥em zak≥adu Wynik koÒcowy i Poniøej/Powyøej 1.5 bramki Fulham FC i Powyøej 1.5 bramki
INFO:root:Nie znalaz≥em zak≥adu Wynik koÒcowy i Poniøej/Powyøej 1.5 bramki Wolverhampton Wanderers i Poniøej 1.5 bramki
INFO:root:Nie znalaz≥em zak≥adu Wynik koÒcowy i Poniøej/Powyøej 1.5 bramki Wolverhampton Wanderers i Powyøej 1.5 bramki
INFO:root:Nie znalaz≥em zak≥adu Wynik koÒcowy i Poniøej/Powyøej 2.5 bramki Fulham FC i Poniøej 2.5 bramki
INFO:root:Nie znalaz≥em zak≥adu Wynik koÒcowy i Poniøej/Powyøej 2.5 bramki Fulham FC i Powyøej 2.5 bramki
INFO:root:Nie znalaz≥em zak≥adu Wynik koÒcowy i Poniøej/Powyøej 2.5 bramki Wolverhampton Wanderers i Poniøej 2.5 bramki
INFO:root:Nie znalaz≥em zak≥adu Wynik koÒcowy i Poniøej/Powyøej 2.5 bramki Wolverhampton Wanderers i Powyøej 2.5 bramki
INFO:root:Nie znalaz≥em zak≥adu Wynik koÒcowy i Poniøej/Powyøej 3.5 bramki Fulham FC i Poniøej 3.5 bramki
INFO:root:Nie znalaz≥em zak≥adu Wynik koÒcowy i Poniøej/Powyøej 3.5 bramki Fulham FC i Powyøej 3.5 bramki
INFO:root:Nie znalaz≥em zak≥adu Wynik koÒcowy i Poniøej/Powyøej 3.5 bramki Wolverhampton Wanderers i Powyøej 3.5 bramki
INFO:root:Nie znalaz≥em zak≥adu Wynik koÒcowy i Poniøej/Powyøej 3.5 bramki Wolverhampton Wanderers i Powyøej 3.5 bramki
INFO:root:Nie znalaz≥em zak≥adu Wynik koÒcowy i obie druøyny strzelπ Fulham FC i Tak
INFO:root:Nie znalaz≥em zak≥adu Wynik koÒcowy i obie druøyny strzelπ Wolverhampton Wanderers i Tak
INFO:root:Nie znalaz≥em zak≥adu Wynik koÒcowy i obie druøyny strzelπ Fulham FC i Nie
INFO:root:Nie znalaz≥em zak≥adu Wynik koÒcowy i obie druøyny strzelπ Wolverhampton Wanderers i Nie
INFO:root:Nie znalaz≥em zak≥adu PodwÛjna szansa - 1 po≥owa X/FC Everton
INFO:root:Nie znalaz≥em zak≥adu PodwÛjna szansa - 1 po≥owa FC Burnley/FC Everton
INFO:root:Nie znalaz≥em zak≥adu Wynik koÒcowy i Poniøej/Powyøej 1.5 bramki Cardiff City i Poniøej 1.5 bramki
INFO:root:Nie znalaz≥em zak≥adu Wynik koÒcowy i Poniøej/Powyøej 1.5 bramki Cardiff City i Powyøej 1.5 bramki
INFO:root:Nie znalaz≥em zak≥adu Wynik koÒcowy i Poniøej/Powyøej 2.5 bramki Cardiff City i Poniøej 2.5 bramki
INFO:root:Nie znalaz≥em zak≥adu Wynik koÒcowy i Poniøej/Powyøej 2.5 bramki Cardiff City i Powyøej 2.5 bramki
INFO:root:Nie znalaz≥em zak≥adu Wynik koÒcowy i Poniøej/Powyøej 3.5 bramki Cardiff City i Powyøej 3.5 bramki
INFO:root:Nie znalaz≥em zak≥adu Wynik koÒcowy i Poniøej/Powyøej 3.5 bramki Cardiff City i Powyøej 3.5 bramki
INFO:root:Nie znalaz≥em zak≥adu Wynik koÒcowy i obie druøyny strzelπ Cardiff City i Tak
INFO:root:Nie znalaz≥em zak≥adu Wynik koÒcowy i obie druøyny strzelπ Cardiff City i Nie
INFO:root:Nie znalaz≥em zak≥adu Wynik koÒcowy i Poniøej/Powyøej 1.5 bramki Newcastle United i Poniøej 1.5 bramki
INFO:root:Nie znalaz≥em zak≥adu Wynik koÒcowy i Poniøej/Powyøej 1.5 bramki Newcastle United i Powyøej 1.5 bramki
INFO:root:Nie znalaz≥em zak≥adu Wynik koÒcowy i Poniøej/Powyøej 2.5 bramki Newcastle United i Poniøej 2.5 bramki
INFO:root:Nie znalaz≥em zak≥adu Wynik koÒcowy i Poniøej/Powyøej 2.5 bramki Newcastle United i Powyøej 2.5 bramki
INFO:root:Nie znalaz≥em zak≥adu Wynik koÒcowy i Poniøej/Powyøej 3.5 bramki Newcastle United i Powyøej 3.5 bramki
INFO:root:Nie znalaz≥em zak≥adu Wynik koÒcowy i Poniøej/Powyøej 3.5 bramki Newcastle United i Powyøej 3.5 bramki
INFO:root:Nie znalaz≥em zak≥adu Wynik koÒcowy i obie druøyny strzelπ Newcastle United i Tak
INFO:root:Nie znalaz≥em zak≥adu Wynik koÒcowy i obie druøyny strzelπ Newcastle United i Nie
INFO:root:Nie znalaz≥em zak≥adu Wynik koÒcowy i Poniøej/Powyøej 1.5 bramki Huddersfield Town i Poniøej 1.5 bramki
INFO:root:Nie znalaz≥em zak≥adu Wynik koÒcowy i Poniøej/Powyøej 1.5 bramki Huddersfield Town i Powyøej 1.5 bramki
INFO:root:Nie znalaz≥em zak≥adu Wynik koÒcowy i Poniøej/Powyøej 2.5 bramki Huddersfield Town i Poniøej 2.5 bramki
INFO:root:Nie znalaz≥em zak≥adu Wynik koÒcowy i Poniøej/Powyøej 2.5 bramki Huddersfield Town i Powyøej 2.5 bramki
INFO:root:Nie znalaz≥em zak≥adu Wynik koÒcowy i Poniøej/Powyøej 3.5 bramki Huddersfield Town i Powyøej 3.5 bramki
INFO:root:Nie znalaz≥em zak≥adu Wynik koÒcowy i Poniøej/Powyøej 3.5 bramki Huddersfield Town i Powyøej 3.5 bramki
INFO:root:Nie znalaz≥em zak≥adu Wynik koÒcowy i obie druøyny strzelπ Huddersfield Town i Tak
INFO:root:Nie znalaz≥em zak≥adu Wynik koÒcowy i obie druøyny strzelπ Huddersfield Town i Nie
INFO:root:Nie znalaz≥em zak≥adu PodwÛjna szansa - 1 po≥owa Tottenham Hotspur/X
INFO:root:Nie znalaz≥em zak≥adu PodwÛjna szansa - 1 po≥owa Tottenham Hotspur/Bournemouth AFC
INFO:root:Nie znalaz≥em zak≥adu Wynik koÒcowy i Poniøej/Powyøej 1.5 bramki Tottenham Hotspur i Poniøej 1.5 bramki
INFO:root:Nie znalaz≥em zak≥adu Wynik koÒcowy i Poniøej/Powyøej 1.5 bramki Tottenham Hotspur i Powyøej 1.5 bramki
INFO:root:Nie znalaz≥em zak≥adu Wynik koÒcowy i Poniøej/Powyøej 1.5 bramki Bournemouth AFC i Poniøej 1.5 bramki
INFO:root:Nie znalaz≥em zak≥adu Wynik koÒcowy i Poniøej/Powyøej 1.5 bramki Bournemouth AFC i Powyøej 1.5 bramki
INFO:root:Nie znalaz≥em zak≥adu Wynik koÒcowy i Poniøej/Powyøej 2.5 bramki Tottenham Hotspur i Poniøej 2.5 bramki
INFO:root:Nie znalaz≥em zak≥adu Wynik koÒcowy i Poniøej/Powyøej 2.5 bramki Tottenham Hotspur i Powyøej 2.5 bramki
INFO:root:Nie znalaz≥em zak≥adu Wynik koÒcowy i Poniøej/Powyøej 2.5 bramki Bournemouth AFC i Poniøej 2.5 bramki
INFO:root:Nie znalaz≥em zak≥adu Wynik koÒcowy i Poniøej/Powyøej 2.5 bramki Bournemouth AFC i Powyøej 2.5 bramki
INFO:root:Nie znalaz≥em zak≥adu Wynik koÒcowy i Poniøej/Powyøej 3.5 bramki Tottenham Hotspur i Poniøej 3.5 bramki
INFO:root:Nie znalaz≥em zak≥adu Wynik koÒcowy i Poniøej/Powyøej 3.5 bramki Tottenham Hotspur i Powyøej 3.5 bramki
INFO:root:Nie znalaz≥em zak≥adu Wynik koÒcowy i Poniøej/Powyøej 3.5 bramki Bournemouth AFC i Powyøej 3.5 bramki
INFO:root:Nie znalaz≥em zak≥adu Wynik koÒcowy i Poniøej/Powyøej 3.5 bramki Bournemouth AFC i Powyøej 3.5 bramki
INFO:root:Nie znalaz≥em zak≥adu Wynik koÒcowy i obie druøyny strzelπ Tottenham Hotspur i Tak
INFO:root:Nie znalaz≥em zak≥adu Wynik koÒcowy i obie druøyny strzelπ Bournemouth AFC i Tak
INFO:root:Nie znalaz≥em zak≥adu Wynik koÒcowy i obie druøyny strzelπ Tottenham Hotspur i Nie
INFO:root:Nie znalaz≥em zak≥adu Wynik koÒcowy i obie druøyny strzelπ Bournemouth AFC i Nie
INFO:root:Nie znalaz≥em zak≥adu 1X2 Aston Villa
INFO:root:Nie znalaz≥em zak≥adu Remis - nie ma zak≥adu (remis=zwrot) Aston Villa
INFO:root:Nie znalaz≥em zak≥adu Wynik do przerwy/Wynik koÒcowy Aston Villa / Aston Villa
INFO:root:Nie znalaz≥em zak≥adu Wynik 1 po≥owy Aston Villa
INFO:root:Nie znalaz≥em zak≥adu PodwÛjna szansa - 1 po≥owa X/Aston Villa
INFO:root:Nie znalaz≥em zak≥adu PodwÛjna szansa - 1 po≥owa Swansea City/Aston Villa
INFO:root:Nie znalaz≥em zak≥adu Wynik koÒcowy i Poniøej/Powyøej 1.5 bramki Aston Villa i Poniøej 1.5 bramki
INFO:root:Nie znalaz≥em zak≥adu Wynik koÒcowy i Poniøej/Powyøej 1.5 bramki Aston Villa i Powyøej 1.5 bramki
INFO:root:Nie znalaz≥em zak≥adu Wynik koÒcowy i Poniøej/Powyøej 2.5 bramki Aston Villa i Poniøej 2.5 bramki
INFO:root:Nie znalaz≥em zak≥adu Wynik koÒcowy i Poniøej/Powyøej 2.5 bramki Aston Villa i Powyøej 2.5 bramki
INFO:root:Nie znalaz≥em zak≥adu Wynik koÒcowy i Poniøej/Powyøej 3.5 bramki Aston Villa i Powyøej 3.5 bramki
INFO:root:Nie znalaz≥em zak≥adu Wynik koÒcowy i Poniøej/Powyøej 3.5 bramki Aston Villa i Powyøej 3.5 bramki
INFO:root:Nie znalaz≥em zak≥adu Wynik koÒcowy i obie druøyny strzelπ Aston Villa i Tak
INFO:root:Nie znalaz≥em zak≥adu Wynik koÒcowy i obie druøyny strzelπ Aston Villa i Nie
INFO:root:Nie znalaz≥em zak≥adu Handicap 0:1 Aston Villa
INFO:root:Nie znalaz≥em zak≥adu Handicap 1:0 Aston Villa
INFO:root:Nie znalaz≥em zak≥adu 1X2 Genua
INFO:root:Nie znalaz≥em zak≥adu Remis - nie ma zak≥adu (remis=zwrot) Genua
INFO:root:Nie znalaz≥em zak≥adu Wynik do przerwy/Wynik koÒcowy Genua / Genua
INFO:root:Nie znalaz≥em zak≥adu Wynik 1 po≥owy Genua
INFO:root:Nie znalaz≥em zak≥adu PodwÛjna szansa - 1 po≥owa X/Genua
INFO:root:Nie znalaz≥em zak≥adu PodwÛjna szansa - 1 po≥owa Cagliari/Genua
INFO:root:Nie znalaz≥em zak≥adu Wynik koÒcowy i Poniøej/Powyøej 1.5 bramki Genua i Poniøej 1.5 bramki
INFO:root:Nie znalaz≥em zak≥adu Wynik koÒcowy i Poniøej/Powyøej 1.5 bramki Genua i Powyøej 1.5 bramki
INFO:root:Nie znalaz≥em zak≥adu Wynik koÒcowy i Poniøej/Powyøej 2.5 bramki Genua i Poniøej 2.5 bramki
INFO:root:Nie znalaz≥em zak≥adu Wynik koÒcowy i Poniøej/Powyøej 2.5 bramki Genua i Powyøej 2.5 bramki
INFO:root:Nie znalaz≥em zak≥adu Wynik koÒcowy i Poniøej/Powyøej 3.5 bramki Genua i Powyøej 3.5 bramki
INFO:root:Nie znalaz≥em zak≥adu Wynik koÒcowy i Poniøej/Powyøej 3.5 bramki Genua i Powyøej 3.5 bramki
INFO:root:Nie znalaz≥em zak≥adu Wynik koÒcowy i obie druøyny strzelπ Genua i Tak
INFO:root:Nie znalaz≥em zak≥adu Wynik koÒcowy i obie druøyny strzelπ Genua i Nie
INFO:root:Nie znalaz≥em zak≥adu Handicap 0:1 Genua
INFO:root:Nie znalaz≥em zak≥adu Handicap 1:0 Genua
WARNING:root:ERROR dla: https://m.iforbet.pl/rest/market/events/4738877
WARNING:root:ERROR dla: https://m.iforbet.pl/rest/market/events/4738877
INFO:root:Nie znalaz≥em zak≥adu 1X2 Genua
INFO:root:Nie znalaz≥em zak≥adu Remis - nie ma zak≥adu (remis=zwrot) Genua
INFO:root:Nie znalaz≥em zak≥adu Wynik do przerwy/Wynik koÒcowy Genua / X
INFO:root:Nie znalaz≥em zak≥adu Wynik do przerwy/Wynik koÒcowy Genua / Cagliari
INFO:root:Nie znalaz≥em zak≥adu Wynik do przerwy/Wynik koÒcowy Genua / Genua
INFO:root:Nie znalaz≥em zak≥adu Wynik do przerwy/Wynik koÒcowy X / Genua
INFO:root:Nie znalaz≥em zak≥adu Wynik do przerwy/Wynik koÒcowy Cagliari / Genua
INFO:root:Nie znalaz≥em zak≥adu Wynik 1 po≥owy Genua
INFO:root:Nie znalaz≥em zak≥adu PodwÛjna szansa - 1 po≥owa X/Genua
INFO:root:Nie znalaz≥em zak≥adu PodwÛjna szansa - 1 po≥owa Cagliari/Genua
INFO:root:Nie znalaz≥em zak≥adu Wynik koÒcowy i Poniøej/Powyøej 1.5 bramki Genua i Poniøej 1.5 bramki
INFO:root:Nie znalaz≥em zak≥adu Wynik koÒcowy i Poniøej/Powyøej 1.5 bramki Genua i Powyøej 1.5 bramki
INFO:root:Nie znalaz≥em zak≥adu Wynik koÒcowy i Poniøej/Powyøej 2.5 bramki Genua i Poniøej 2.5 bramki
INFO:root:Nie znalaz≥em zak≥adu Wynik koÒcowy i Poniøej/Powyøej 2.5 bramki Genua i Powyøej 2.5 bramki
INFO:root:Nie znalaz≥em zak≥adu Wynik koÒcowy i Poniøej/Powyøej 3.5 bramki Genua i Powyøej 3.5 bramki
INFO:root:Nie znalaz≥em zak≥adu Wynik koÒcowy i Poniøej/Powyøej 3.5 bramki Genua i Powyøej 3.5 bramki
INFO:root:Nie znalaz≥em zak≥adu Wynik koÒcowy i obie druøyny strzelπ Genua i Tak
INFO:root:Nie znalaz≥em zak≥adu Wynik koÒcowy i obie druøyny strzelπ Genua i Nie
INFO:root:Nie znalaz≥em zak≥adu Handicap 0:1 Genua
INFO:root:Nie znalaz≥em zak≥adu Handicap 1:0 Genua
INFO:root:Nie znalaz≥em zak≥adu Wynik do przerwy/Wynik koÒcowy Fulham FC / Fulham FC
INFO:root:Nie znalaz≥em zak≥adu Wynik do przerwy/Wynik koÒcowy Fulham FC / X
INFO:root:Nie znalaz≥em zak≥adu Wynik do przerwy/Wynik koÒcowy Wolverhampton Wanderers / X
INFO:root:Nie znalaz≥em zak≥adu Wynik do przerwy/Wynik koÒcowy Wolverhampton Wanderers / Fulham FC
INFO:root:Nie znalaz≥em zak≥adu Wynik do przerwy/Wynik koÒcowy Wolverhampton Wanderers / Wolverhampton Wanderers
INFO:root:Nie znalaz≥em zak≥adu Wynik do przerwy/Wynik koÒcowy Fulham FC / Wolverhampton Wanderers
INFO:root:Nie znalaz≥em zak≥adu PodwÛjna szansa - 1 po≥owa Fulham FC/X
INFO:root:Nie znalaz≥em zak≥adu PodwÛjna szansa - 1 po≥owa Fulham FC/Wolverhampton Wanderers
INFO:root:Nie znalaz≥em zak≥adu Wynik koÒcowy i Poniøej/Powyøej 1.5 bramki Fulham FC i Poniøej 1.5 bramki
INFO:root:Nie znalaz≥em zak≥adu Wynik koÒcowy i Poniøej/Powyøej 1.5 bramki Fulham FC i Powyøej 1.5 bramki
INFO:root:Nie znalaz≥em zak≥adu Wynik koÒcowy i Poniøej/Powyøej 1.5 bramki Wolverhampton Wanderers i Poniøej 1.5 bramki
INFO:root:Nie znalaz≥em zak≥adu Wynik koÒcowy i Poniøej/Powyøej 1.5 bramki Wolverhampton Wanderers i Powyøej 1.5 bramki
INFO:root:Nie znalaz≥em zak≥adu Wynik koÒcowy i Poniøej/Powyøej 2.5 bramki Fulham FC i Poniøej 2.5 bramki
INFO:root:Nie znalaz≥em zak≥adu Wynik koÒcowy i Poniøej/Powyøej 2.5 bramki Fulham FC i Powyøej 2.5 bramki
INFO:root:Nie znalaz≥em zak≥adu Wynik koÒcowy i Poniøej/Powyøej 2.5 bramki Wolverhampton Wanderers i Poniøej 2.5 bramki
INFO:root:Nie znalaz≥em zak≥adu Wynik koÒcowy i Poniøej/Powyøej 2.5 bramki Wolverhampton Wanderers i Powyøej 2.5 bramki
INFO:root:Nie znalaz≥em zak≥adu Wynik koÒcowy i Poniøej/Powyøej 3.5 bramki Fulham FC i Poniøej 3.5 bramki
INFO:root:Nie znalaz≥em zak≥adu Wynik koÒcowy i Poniøej/Powyøej 3.5 bramki Fulham FC i Powyøej 3.5 bramki
INFO:root:Nie znalaz≥em zak≥adu Wynik koÒcowy i Poniøej/Powyøej 3.5 bramki Wolverhampton Wanderers i Powyøej 3.5 bramki
INFO:root:Nie znalaz≥em zak≥adu Wynik koÒcowy i Poniøej/Powyøej 3.5 bramki Wolverhampton Wanderers i Powyøej 3.5 bramki
INFO:root:Nie znalaz≥em zak≥adu Wynik koÒcowy i obie druøyny strzelπ Fulham FC i Tak
INFO:root:Nie znalaz≥em zak≥adu Wynik koÒcowy i obie druøyny strzelπ Wolverhampton Wanderers i Tak
INFO:root:Nie znalaz≥em zak≥adu Wynik koÒcowy i obie druøyny strzelπ Fulham FC i Nie
INFO:root:Nie znalaz≥em zak≥adu Wynik koÒcowy i obie druøyny strzelπ Wolverhampton Wanderers i Nie
INFO:root:Nie znalaz≥em zak≥adu Wynik do przerwy/Wynik koÒcowy FC Burnley / FC Burnley
INFO:root:Nie znalaz≥em zak≥adu Wynik do przerwy/Wynik koÒcowy FC Everton / FC Burnley
INFO:root:Nie znalaz≥em zak≥adu Wynik do przerwy/Wynik koÒcowy FC Everton / FC Everton
INFO:root:Nie znalaz≥em zak≥adu Wynik do przerwy/Wynik koÒcowy X / FC Burnley
INFO:root:Nie znalaz≥em zak≥adu Wynik do przerwy/Wynik koÒcowy X / FC Everton
INFO:root:Nie znalaz≥em zak≥adu Wynik do przerwy/Wynik koÒcowy FC Burnley / FC Everton
INFO:root:Nie znalaz≥em zak≥adu PodwÛjna szansa - 1 po≥owa X/FC Everton
INFO:root:Nie znalaz≥em zak≥adu PodwÛjna szansa - 1 po≥owa FC Burnley/FC Everton
INFO:root:Nie znalaz≥em zak≥adu Wynik do przerwy/Wynik koÒcowy Cardiff City / X
INFO:root:Nie znalaz≥em zak≥adu Wynik do przerwy/Wynik koÒcowy Cardiff City / Crystal Palace
INFO:root:Nie znalaz≥em zak≥adu Wynik do przerwy/Wynik koÒcowy Cardiff City / Cardiff City
INFO:root:Nie znalaz≥em zak≥adu Wynik koÒcowy i Poniøej/Powyøej 1.5 bramki Cardiff City i Poniøej 1.5 bramki
INFO:root:Nie znalaz≥em zak≥adu Wynik koÒcowy i Poniøej/Powyøej 1.5 bramki Cardiff City i Powyøej 1.5 bramki
INFO:root:Nie znalaz≥em zak≥adu Wynik koÒcowy i Poniøej/Powyøej 2.5 bramki Cardiff City i Poniøej 2.5 bramki
INFO:root:Nie znalaz≥em zak≥adu Wynik koÒcowy i Poniøej/Powyøej 2.5 bramki Cardiff City i Powyøej 2.5 bramki
INFO:root:Nie znalaz≥em zak≥adu Wynik koÒcowy i Poniøej/Powyøej 3.5 bramki Cardiff City i Powyøej 3.5 bramki
INFO:root:Nie znalaz≥em zak≥adu Wynik koÒcowy i Poniøej/Powyøej 3.5 bramki Cardiff City i Powyøej 3.5 bramki
INFO:root:Nie znalaz≥em zak≥adu Wynik koÒcowy i obie druøyny strzelπ Cardiff City i Tak
INFO:root:Nie znalaz≥em zak≥adu Wynik koÒcowy i obie druøyny strzelπ Cardiff City i Nie
INFO:root:Nie znalaz≥em zak≥adu Wynik do przerwy/Wynik koÒcowy FC Liverpool / FC Liverpool
INFO:root:Nie znalaz≥em zak≥adu Wynik do przerwy/Wynik koÒcowy Newcastle United / X
INFO:root:Nie znalaz≥em zak≥adu Wynik do przerwy/Wynik koÒcowy Newcastle United / FC Liverpool
INFO:root:Nie znalaz≥em zak≥adu Wynik do przerwy/Wynik koÒcowy Newcastle United / Newcastle United
INFO:root:Nie znalaz≥em zak≥adu Wynik do przerwy/Wynik koÒcowy X / FC Liverpool
INFO:root:Nie znalaz≥em zak≥adu Wynik koÒcowy i Poniøej/Powyøej 1.5 bramki Newcastle United i Poniøej 1.5 bramki
INFO:root:Nie znalaz≥em zak≥adu Wynik koÒcowy i Poniøej/Powyøej 1.5 bramki Newcastle United i Powyøej 1.5 bramki
INFO:root:Nie znalaz≥em zak≥adu Wynik koÒcowy i Poniøej/Powyøej 2.5 bramki Newcastle United i Poniøej 2.5 bramki
INFO:root:Nie znalaz≥em zak≥adu Wynik koÒcowy i Poniøej/Powyøej 2.5 bramki Newcastle United i Powyøej 2.5 bramki
INFO:root:Nie znalaz≥em zak≥adu Wynik koÒcowy i Poniøej/Powyøej 3.5 bramki Newcastle United i Powyøej 3.5 bramki
INFO:root:Nie znalaz≥em zak≥adu Wynik koÒcowy i Poniøej/Powyøej 3.5 bramki Newcastle United i Powyøej 3.5 bramki
INFO:root:Nie znalaz≥em zak≥adu Wynik koÒcowy i obie druøyny strzelπ Newcastle United i Tak
INFO:root:Nie znalaz≥em zak≥adu Wynik koÒcowy i obie druøyny strzelπ Newcastle United i Nie
INFO:root:Nie znalaz≥em zak≥adu Wynik do przerwy/Wynik koÒcowy Huddersfield Town / X
INFO:root:Nie znalaz≥em zak≥adu Wynik do przerwy/Wynik koÒcowy Huddersfield Town / Manchester United
INFO:root:Nie znalaz≥em zak≥adu Wynik do przerwy/Wynik koÒcowy Huddersfield Town / Huddersfield Town
INFO:root:Nie znalaz≥em zak≥adu Wynik koÒcowy i Poniøej/Powyøej 1.5 bramki Huddersfield Town i Poniøej 1.5 bramki
INFO:root:Nie znalaz≥em zak≥adu Wynik koÒcowy i Poniøej/Powyøej 1.5 bramki Huddersfield Town i Powyøej 1.5 bramki
INFO:root:Nie znalaz≥em zak≥adu Wynik koÒcowy i Poniøej/Powyøej 2.5 bramki Huddersfield Town i Poniøej 2.5 bramki
INFO:root:Nie znalaz≥em zak≥adu Wynik koÒcowy i Poniøej/Powyøej 2.5 bramki Huddersfield Town i Powyøej 2.5 bramki
INFO:root:Nie znalaz≥em zak≥adu Wynik koÒcowy i Poniøej/Powyøej 3.5 bramki Huddersfield Town i Powyøej 3.5 bramki
INFO:root:Nie znalaz≥em zak≥adu Wynik koÒcowy i Poniøej/Powyøej 3.5 bramki Huddersfield Town i Powyøej 3.5 bramki
INFO:root:Nie znalaz≥em zak≥adu Wynik koÒcowy i obie druøyny strzelπ Huddersfield Town i Tak
INFO:root:Nie znalaz≥em zak≥adu Wynik koÒcowy i obie druøyny strzelπ Huddersfield Town i Nie
INFO:root:Nie znalaz≥em zak≥adu Wynik do przerwy/Wynik koÒcowy Tottenham Hotspur / Tottenham Hotspur
INFO:root:Nie znalaz≥em zak≥adu Wynik do przerwy/Wynik koÒcowy Tottenham Hotspur / X
INFO:root:Nie znalaz≥em zak≥adu Wynik do przerwy/Wynik koÒcowy Bournemouth AFC / X
INFO:root:Nie znalaz≥em zak≥adu Wynik do przerwy/Wynik koÒcowy Bournemouth AFC / Tottenham Hotspur
INFO:root:Nie znalaz≥em zak≥adu Wynik do przerwy/Wynik koÒcowy Bournemouth AFC / Bournemouth AFC
INFO:root:Nie znalaz≥em zak≥adu Wynik do przerwy/Wynik koÒcowy Tottenham Hotspur / Bournemouth AFC
INFO:root:Nie znalaz≥em zak≥adu PodwÛjna szansa - 1 po≥owa Tottenham Hotspur/X
INFO:root:Nie znalaz≥em zak≥adu PodwÛjna szansa - 1 po≥owa Tottenham Hotspur/Bournemouth AFC
INFO:root:Nie znalaz≥em zak≥adu Wynik koÒcowy i Poniøej/Powyøej 1.5 bramki Tottenham Hotspur i Poniøej 1.5 bramki
INFO:root:Nie znalaz≥em zak≥adu Wynik koÒcowy i Poniøej/Powyøej 1.5 bramki Tottenham Hotspur i Powyøej 1.5 bramki
INFO:root:Nie znalaz≥em zak≥adu Wynik koÒcowy i Poniøej/Powyøej 1.5 bramki Bournemouth AFC i Poniøej 1.5 bramki
INFO:root:Nie znalaz≥em zak≥adu Wynik koÒcowy i Poniøej/Powyøej 1.5 bramki Bournemouth AFC i Powyøej 1.5 bramki
INFO:root:Nie znalaz≥em zak≥adu Wynik koÒcowy i Poniøej/Powyøej 2.5 bramki Tottenham Hotspur i Poniøej 2.5 bramki
INFO:root:Nie znalaz≥em zak≥adu Wynik koÒcowy i Poniøej/Powyøej 2.5 bramki Tottenham Hotspur i Powyøej 2.5 bramki
INFO:root:Nie znalaz≥em zak≥adu Wynik koÒcowy i Poniøej/Powyøej 2.5 bramki Bournemouth AFC i Poniøej 2.5 bramki
INFO:root:Nie znalaz≥em zak≥adu Wynik koÒcowy i Poniøej/Powyøej 2.5 bramki Bournemouth AFC i Powyøej 2.5 bramki
INFO:root:Nie znalaz≥em zak≥adu Wynik koÒcowy i Poniøej/Powyøej 3.5 bramki Tottenham Hotspur i Poniøej 3.5 bramki
INFO:root:Nie znalaz≥em zak≥adu Wynik koÒcowy i Poniøej/Powyøej 3.5 bramki Tottenham Hotspur i Powyøej 3.5 bramki
INFO:root:Nie znalaz≥em zak≥adu Wynik koÒcowy i Poniøej/Powyøej 3.5 bramki Bournemouth AFC i Powyøej 3.5 bramki
INFO:root:Nie znalaz≥em zak≥adu Wynik koÒcowy i Poniøej/Powyøej 3.5 bramki Bournemouth AFC i Powyøej 3.5 bramki
INFO:root:Nie znalaz≥em zak≥adu Wynik koÒcowy i obie druøyny strzelπ Tottenham Hotspur i Tak
INFO:root:Nie znalaz≥em zak≥adu Wynik koÒcowy i obie druøyny strzelπ Bournemouth AFC i Tak
INFO:root:Nie znalaz≥em zak≥adu Wynik koÒcowy i obie druøyny strzelπ Tottenham Hotspur i Nie
INFO:root:Nie znalaz≥em zak≥adu Wynik koÒcowy i obie druøyny strzelπ Bournemouth AFC i Nie
INFO:root:Nie znalaz≥em zak≥adu Wynik do przerwy/Wynik koÒcowy FC Brighton & Hove Albion / FC Brighton & Hove Albion
INFO:root:Nie znalaz≥em zak≥adu Wynik do przerwy/Wynik koÒcowy FC Brighton & Hove Albion / X
INFO:root:Nie znalaz≥em zak≥adu Wynik do przerwy/Wynik koÒcowy Arsenal Londyn / X
INFO:root:Nie znalaz≥em zak≥adu Wynik do przerwy/Wynik koÒcowy Arsenal Londyn / FC Brighton & Hove Albion
INFO:root:Nie znalaz≥em zak≥adu Wynik do przerwy/Wynik koÒcowy Arsenal Londyn / Arsenal Londyn
INFO:root:Nie znalaz≥em zak≥adu Wynik do przerwy/Wynik koÒcowy X / FC Brighton & Hove Albion
INFO:root:Nie znalaz≥em zak≥adu Wynik do przerwy/Wynik koÒcowy FC Brighton & Hove Albion / Arsenal Londyn
INFO:root:Nie znalaz≥em zak≥adu PodwÛjna szansa - 1 po≥owa FC Brighton & Hove Albion/X
INFO:root:Nie znalaz≥em zak≥adu PodwÛjna szansa - 1 po≥owa FC Brighton & Hove Albion/Arsenal Londyn
INFO:root:Nie znalaz≥em zak≥adu Wynik koÒcowy i Poniøej/Powyøej 1.5 bramki FC Brighton & Hove Albion i Poniøej 1.5 bramki
INFO:root:Nie znalaz≥em zak≥adu Wynik koÒcowy i Poniøej/Powyøej 1.5 bramki FC Brighton & Hove Albion i Powyøej 1.5 bramki
INFO:root:Nie znalaz≥em zak≥adu Wynik koÒcowy i Poniøej/Powyøej 1.5 bramki Arsenal Londyn i Poniøej 1.5 bramki
INFO:root:Nie znalaz≥em zak≥adu Wynik koÒcowy i Poniøej/Powyøej 1.5 bramki Arsenal Londyn i Powyøej 1.5 bramki
INFO:root:Nie znalaz≥em zak≥adu Wynik koÒcowy i Poniøej/Powyøej 2.5 bramki FC Brighton & Hove Albion i Poniøej 2.5 bramki
INFO:root:Nie znalaz≥em zak≥adu Wynik koÒcowy i Poniøej/Powyøej 2.5 bramki FC Brighton & Hove Albion i Powyøej 2.5 bramki
INFO:root:Nie znalaz≥em zak≥adu Wynik koÒcowy i Poniøej/Powyøej 2.5 bramki Arsenal Londyn i Poniøej 2.5 bramki
INFO:root:Nie znalaz≥em zak≥adu Wynik koÒcowy i Poniøej/Powyøej 2.5 bramki Arsenal Londyn i Powyøej 2.5 bramki
INFO:root:Nie znalaz≥em zak≥adu Wynik koÒcowy i Poniøej/Powyøej 3.5 bramki FC Brighton & Hove Albion i Poniøej 3.5 bramki
INFO:root:Nie znalaz≥em zak≥adu Wynik koÒcowy i Poniøej/Powyøej 3.5 bramki FC Brighton & Hove Albion i Powyøej 3.5 bramki
INFO:root:Nie znalaz≥em zak≥adu Wynik koÒcowy i Poniøej/Powyøej 3.5 bramki Arsenal Londyn i Powyøej 3.5 bramki
INFO:root:Nie znalaz≥em zak≥adu Wynik koÒcowy i Poniøej/Powyøej 3.5 bramki Arsenal Londyn i Powyøej 3.5 bramki
INFO:root:Nie znalaz≥em zak≥adu Wynik koÒcowy i obie druøyny strzelπ FC Brighton & Hove Albion i Tak
INFO:root:Nie znalaz≥em zak≥adu Wynik koÒcowy i obie druøyny strzelπ Arsenal Londyn i Tak
INFO:root:Nie znalaz≥em zak≥adu Wynik koÒcowy i obie druøyny strzelπ FC Brighton & Hove Albion i Nie
INFO:root:Nie znalaz≥em zak≥adu Wynik koÒcowy i obie druøyny strzelπ Arsenal Londyn i Nie
INFO:root:Nie znalaz≥em zak≥adu 1X2 Aston Villa
INFO:root:Nie znalaz≥em zak≥adu Remis - nie ma zak≥adu (remis=zwrot) Aston Villa
INFO:root:Nie znalaz≥em zak≥adu Wynik do przerwy/Wynik koÒcowy Aston Villa / X
INFO:root:Nie znalaz≥em zak≥adu Wynik do przerwy/Wynik koÒcowy Aston Villa / Swansea City
INFO:root:Nie znalaz≥em zak≥adu Wynik do przerwy/Wynik koÒcowy Aston Villa / Aston Villa
INFO:root:Nie znalaz≥em zak≥adu Wynik do przerwy/Wynik koÒcowy X / Aston Villa
INFO:root:Nie znalaz≥em zak≥adu Wynik do przerwy/Wynik koÒcowy Swansea City / Aston Villa
INFO:root:Nie znalaz≥em zak≥adu Wynik 1 po≥owy Aston Villa
INFO:root:Nie znalaz≥em zak≥adu PodwÛjna szansa - 1 po≥owa X/Aston Villa
INFO:root:Nie znalaz≥em zak≥adu PodwÛjna szansa - 1 po≥owa Swansea City/Aston Villa
INFO:root:Nie znalaz≥em zak≥adu Wynik koÒcowy i Poniøej/Powyøej 1.5 bramki Aston Villa i Poniøej 1.5 bramki
INFO:root:Nie znalaz≥em zak≥adu Wynik koÒcowy i Poniøej/Powyøej 1.5 bramki Aston Villa i Powyøej 1.5 bramki
INFO:root:Nie znalaz≥em zak≥adu Wynik koÒcowy i Poniøej/Powyøej 2.5 bramki Aston Villa i Poniøej 2.5 bramki
INFO:root:Nie znalaz≥em zak≥adu Wynik koÒcowy i Poniøej/Powyøej 2.5 bramki Aston Villa i Powyøej 2.5 bramki
INFO:root:Nie znalaz≥em zak≥adu Wynik koÒcowy i Poniøej/Powyøej 3.5 bramki Aston Villa i Powyøej 3.5 bramki
INFO:root:Nie znalaz≥em zak≥adu Wynik koÒcowy i Poniøej/Powyøej 3.5 bramki Aston Villa i Powyøej 3.5 bramki
INFO:root:Nie znalaz≥em zak≥adu Wynik koÒcowy i obie druøyny strzelπ Aston Villa i Tak
INFO:root:Nie znalaz≥em zak≥adu Wynik koÒcowy i obie druøyny strzelπ Aston Villa i Nie
INFO:root:Nie znalaz≥em zak≥adu Handicap 0:1 Aston Villa
INFO:root:Nie znalaz≥em zak≥adu Handicap 1:0 Aston Villa
INFO:root:Nieznana nazwa: Serie B W≈Çochy
INFO:root:Nieznana nazwa: Serie B W≈Çochy
INFO:root:Nie znalaz≈Çem zak≈Çadu Wynik do przerwy/Wynik ko≈Ñcowy Bournemouth AFC / X
INFO:root:Nie znalaz≈Çem zak≈Çadu Wynik do przerwy/Wynik ko≈Ñcowy Bournemouth AFC / Manchester United
INFO:root:Nie znalaz≈Çem zak≈Çadu Wynik do przerwy/Wynik ko≈Ñcowy Bournemouth AFC / Bournemouth AFC
INFO:root:Nie znalaz≈Çem zak≈Çadu Wynik ko≈Ñcowy i Poni≈ºej/Powy≈ºej 1.5 bramki Bournemouth AFC i Poni≈ºej 1.5 bramki
INFO:root:Nie znalaz≈Çem zak≈Çadu Wynik ko≈Ñcowy i Poni≈ºej/Powy≈ºej 1.5 bramki Bournemouth AFC i Powy≈ºej 1.5 bramki
INFO:root:Nie znalaz≈Çem zak≈Çadu Wynik ko≈Ñcowy i Poni≈ºej/Powy≈ºej 2.5 bramki Bournemouth AFC i Poni≈ºej 2.5 bramki
INFO:root:Nie znalaz≈Çem zak≈Çadu Wynik ko≈Ñcowy i Poni≈ºej/Powy≈ºej 2.5 bramki Bournemouth AFC i Powy≈ºej 2.5 bramki
INFO:root:Nie znalaz≈Çem zak≈Çadu Wynik ko≈Ñcowy i Poni≈ºej/Powy≈ºej 3.5 bramki Bournemouth AFC i Powy≈ºej 3.5 bramki
INFO:root:Nie znalaz≈Çem zak≈Çadu Wynik ko≈Ñcowy i Poni≈ºej/Powy≈ºej 3.5 bramki Bournemouth AFC i Powy≈ºej 3.5 bramki
INFO:root:Nie znalaz≈Çem zak≈Çadu Wynik ko≈Ñcowy i obie dru≈ºyny strzelƒÖ Bournemouth AFC i Tak
INFO:root:Nie znalaz≈Çem zak≈Çadu Wynik ko≈Ñcowy i obie dru≈ºyny strzelƒÖ Bournemouth AFC i Nie
INFO:root:Nie znalaz≈Çem zak≈Çadu Wynik do przerwy/Wynik ko≈Ñcowy FC Everton / FC Everton
INFO:root:Nie znalaz≈Çem zak≈Çadu Wynik do przerwy/Wynik ko≈Ñcowy Leicester City / FC Everton
INFO:root:Nie znalaz≈Çem zak≈Çadu Wynik do przerwy/Wynik ko≈Ñcowy X / FC Everton
INFO:root:Nie znalaz≈Çem zak≈Çadu Wynik do przerwy/Wynik ko≈Ñcowy Arsenal Londyn / Arsenal Londyn
INFO:root:Nie znalaz≈Çem zak≈Çadu Wynik do przerwy/Wynik ko≈Ñcowy Arsenal Londyn / X
INFO:root:Nie znalaz≈Çem zak≈Çadu Wynik do przerwy/Wynik ko≈Ñcowy Fulham FC / X
INFO:root:Nie znalaz≈Çem zak≈Çadu Wynik do przerwy/Wynik ko≈Ñcowy Fulham FC / Arsenal Londyn
INFO:root:Nie znalaz≈Çem zak≈Çadu Wynik do przerwy/Wynik ko≈Ñcowy Fulham FC / Fulham FC
INFO:root:Nie znalaz≈Çem zak≈Çadu Wynik do przerwy/Wynik ko≈Ñcowy Arsenal Londyn / Fulham FC
INFO:root:Nie znalaz≈Çem zak≈Çadu Podw√≥jna szansa - 1 po≈Çowa Arsenal Londyn/X
INFO:root:Nie znalaz≈Çem zak≈Çadu Podw√≥jna szansa - 1 po≈Çowa Arsenal Londyn/Fulham FC
INFO:root:Nie znalaz≈Çem zak≈Çadu Wynik ko≈Ñcowy i Poni≈ºej/Powy≈ºej 1.5 bramki Arsenal Londyn i Poni≈ºej 1.5 bramki
INFO:root:Nie znalaz≈Çem zak≈Çadu Wynik ko≈Ñcowy i Poni≈ºej/Powy≈ºej 1.5 bramki Arsenal Londyn i Powy≈ºej 1.5 bramki
INFO:root:Nie znalaz≈Çem zak≈Çadu Wynik ko≈Ñcowy i Poni≈ºej/Powy≈ºej 1.5 bramki Fulham FC i Poni≈ºej 1.5 bramki
INFO:root:Nie znalaz≈Çem zak≈Çadu Wynik ko≈Ñcowy i Poni≈ºej/Powy≈ºej 1.5 bramki Fulham FC i Powy≈ºej 1.5 bramki
INFO:root:Nie znalaz≈Çem zak≈Çadu Wynik ko≈Ñcowy i Poni≈ºej/Powy≈ºej 2.5 bramki Arsenal Londyn i Poni≈ºej 2.5 bramki
INFO:root:Nie znalaz≈Çem zak≈Çadu Wynik ko≈Ñcowy i Poni≈ºej/Powy≈ºej 2.5 bramki Arsenal Londyn i Powy≈ºej 2.5 bramki
INFO:root:Nie znalaz≈Çem zak≈Çadu Wynik ko≈Ñcowy i Poni≈ºej/Powy≈ºej 2.5 bramki Fulham FC i Poni≈ºej 2.5 bramki
INFO:root:Nie znalaz≈Çem zak≈Çadu Wynik ko≈Ñcowy i Poni≈ºej/Powy≈ºej 2.5 bramki Fulham FC i Powy≈ºej 2.5 bramki
INFO:root:Nie znalaz≈Çem zak≈Çadu Wynik ko≈Ñcowy i Poni≈ºej/Powy≈ºej 3.5 bramki Arsenal Londyn i Poni≈ºej 3.5 bramki
INFO:root:Nie znalaz≈Çem zak≈Çadu Wynik ko≈Ñcowy i Poni≈ºej/Powy≈ºej 3.5 bramki Arsenal Londyn i Powy≈ºej 3.5 bramki
INFO:root:Nie znalaz≈Çem zak≈Çadu Wynik ko≈Ñcowy i Poni≈ºej/Powy≈ºej 3.5 bramki Fulham FC i Powy≈ºej 3.5 bramki
INFO:root:Nie znalaz≈Çem zak≈Çadu Wynik ko≈Ñcowy i Poni≈ºej/Powy≈ºej 3.5 bramki Fulham FC i Powy≈ºej 3.5 bramki
INFO:root:Nie znalaz≈Çem zak≈Çadu Wynik ko≈Ñcowy i obie dru≈ºyny strzelƒÖ Arsenal Londyn i Tak
INFO:root:Nie znalaz≈Çem zak≈Çadu Wynik ko≈Ñcowy i obie dru≈ºyny strzelƒÖ Fulham FC i Tak
INFO:root:Nie znalaz≈Çem zak≈Çadu Wynik ko≈Ñcowy i obie dru≈ºyny strzelƒÖ Arsenal Londyn i Nie
INFO:root:Nie znalaz≈Çem zak≈Çadu Wynik ko≈Ñcowy i obie dru≈ºyny strzelƒÖ Fulham FC i Nie
INFO:root:Nie znalaz≈Çem zak≈Çadu Wynik do przerwy/Wynik ko≈Ñcowy Cardiff City / Cardiff City
INFO:root:Nie znalaz≈Çem zak≈Çadu Wynik do przerwy/Wynik ko≈Ñcowy Cardiff City / X
INFO:root:Nie znalaz≈Çem zak≈Çadu Wynik do przerwy/Wynik ko≈Ñcowy Tottenham Hotspur / X
INFO:root:Nie znalaz≈Çem zak≈Çadu Wynik do przerwy/Wynik ko≈Ñcowy Tottenham Hotspur / Cardiff City
INFO:root:Nie znalaz≈Çem zak≈Çadu Wynik do przerwy/Wynik ko≈Ñcowy Tottenham Hotspur / Tottenham Hotspur
INFO:root:Nie znalaz≈Çem zak≈Çadu Wynik do przerwy/Wynik ko≈Ñcowy Cardiff City / Tottenham Hotspur
INFO:root:Nie znalaz≈Çem zak≈Çadu Podw√≥jna szansa - 1 po≈Çowa Cardiff City/X
INFO:root:Nie znalaz≈Çem zak≈Çadu Podw√≥jna szansa - 1 po≈Çowa Cardiff City/Tottenham Hotspur
INFO:root:Nie znalaz≈Çem zak≈Çadu Wynik ko≈Ñcowy i Poni≈ºej/Powy≈ºej 1.5 bramki Cardiff City i Poni≈ºej 1.5 bramki
INFO:root:Nie znalaz≈Çem zak≈Çadu Wynik ko≈Ñcowy i Poni≈ºej/Powy≈ºej 1.5 bramki Cardiff City i Powy≈ºej 1.5 bramki
INFO:root:Nie znalaz≈Çem zak≈Çadu Wynik ko≈Ñcowy i Poni≈ºej/Powy≈ºej 1.5 bramki Tottenham Hotspur i Poni≈ºej 1.5 bramki
INFO:root:Nie znalaz≈Çem zak≈Çadu Wynik ko≈Ñcowy i Poni≈ºej/Powy≈ºej 1.5 bramki Tottenham Hotspur i Powy≈ºej 1.5 bramki
INFO:root:Nie znalaz≈Çem zak≈Çadu Wynik ko≈Ñcowy i Poni≈ºej/Powy≈ºej 2.5 bramki Cardiff City i Poni≈ºej 2.5 bramki
INFO:root:Nie znalaz≈Çem zak≈Çadu Wynik ko≈Ñcowy i Poni≈ºej/Powy≈ºej 2.5 bramki Cardiff City i Powy≈ºej 2.5 bramki
INFO:root:Nie znalaz≈Çem zak≈Çadu Wynik ko≈Ñcowy i Poni≈ºej/Powy≈ºej 2.5 bramki Tottenham Hotspur i Poni≈ºej 2.5 bramki
INFO:root:Nie znalaz≈Çem zak≈Çadu Wynik ko≈Ñcowy i Poni≈ºej/Powy≈ºej 2.5 bramki Tottenham Hotspur i Powy≈ºej 2.5 bramki
INFO:root:Nie znalaz≈Çem zak≈Çadu Wynik ko≈Ñcowy i Poni≈ºej/Powy≈ºej 3.5 bramki Cardiff City i Poni≈ºej 3.5 bramki
INFO:root:Nie znalaz≈Çem zak≈Çadu Wynik ko≈Ñcowy i Poni≈ºej/Powy≈ºej 3.5 bramki Cardiff City i Powy≈ºej 3.5 bramki
INFO:root:Nie znalaz≈Çem zak≈Çadu Wynik ko≈Ñcowy i Poni≈ºej/Powy≈ºej 3.5 bramki Tottenham Hotspur i Powy≈ºej 3.5 bramki
INFO:root:Nie znalaz≈Çem zak≈Çadu Wynik ko≈Ñcowy i Poni≈ºej/Powy≈ºej 3.5 bramki Tottenham Hotspur i Powy≈ºej 3.5 bramki
INFO:root:Nie znalaz≈Çem zak≈Çadu Wynik ko≈Ñcowy i obie dru≈ºyny strzelƒÖ Cardiff City i Tak
INFO:root:Nie znalaz≈Çem zak≈Çadu Wynik ko≈Ñcowy i obie dru≈ºyny strzelƒÖ Tottenham Hotspur i Tak
INFO:root:Nie znalaz≈Çem zak≈Çadu Wynik ko≈Ñcowy i obie dru≈ºyny strzelƒÖ Cardiff City i Nie
INFO:root:Nie znalaz≈Çem zak≈Çadu Wynik ko≈Ñcowy i obie dru≈ºyny strzelƒÖ Tottenham Hotspur i Nie
INFO:root:Nie znalaz≈Çem zak≈Çadu 1X2 Aston Villa
INFO:root:Nie znalaz≈Çem zak≈Çadu Remis - nie ma zak≈Çadu (remis=zwrot) Aston Villa
INFO:root:Nie znalaz≈Çem zak≈Çadu Wynik do przerwy/Wynik ko≈Ñcowy Aston Villa / Aston Villa
INFO:root:Nie znalaz≈Çem zak≈Çadu Wynik do przerwy/Wynik ko≈Ñcowy Aston Villa / X
INFO:root:Nie znalaz≈Çem zak≈Çadu Wynik do przerwy/Wynik ko≈Ñcowy Queens Park Rangers / Aston Villa
INFO:root:Nie znalaz≈Çem zak≈Çadu Wynik do przerwy/Wynik ko≈Ñcowy X / Aston Villa
INFO:root:Nie znalaz≈Çem zak≈Çadu Wynik do przerwy/Wynik ko≈Ñcowy Aston Villa / Queens Park Rangers
INFO:root:Nie znalaz≈Çem zak≈Çadu Wynik 1 po≈Çowy Aston Villa
INFO:root:Nie znalaz≈Çem zak≈Çadu Podw√≥jna szansa - 1 po≈Çowa Aston Villa/X
INFO:root:Nie znalaz≈Çem zak≈Çadu Podw√≥jna szansa - 1 po≈Çowa Aston Villa/Queens Park Rangers
INFO:root:Nie znalaz≈Çem zak≈Çadu Wynik ko≈Ñcowy i Poni≈ºej/Powy≈ºej 1.5 bramki Aston Villa i Poni≈ºej 1.5 bramki
INFO:root:Nie znalaz≈Çem zak≈Çadu Wynik ko≈Ñcowy i Poni≈ºej/Powy≈ºej 1.5 bramki Aston Villa i Powy≈ºej 1.5 bramki
INFO:root:Nie znalaz≈Çem zak≈Çadu Wynik ko≈Ñcowy i Poni≈ºej/Powy≈ºej 2.5 bramki Aston Villa i Poni≈ºej 2.5 bramki
INFO:root:Nie znalaz≈Çem zak≈Çadu Wynik ko≈Ñcowy i Poni≈ºej/Powy≈ºej 2.5 bramki Aston Villa i Powy≈ºej 2.5 bramki
INFO:root:Nie znalaz≈Çem zak≈Çadu Wynik ko≈Ñcowy i Poni≈ºej/Powy≈ºej 3.5 bramki Aston Villa i Poni≈ºej 3.5 bramki
INFO:root:Nie znalaz≈Çem zak≈Çadu Wynik ko≈Ñcowy i Poni≈ºej/Powy≈ºej 3.5 bramki Aston Villa i Powy≈ºej 3.5 bramki
INFO:root:Nie znalaz≈Çem zak≈Çadu Wynik ko≈Ñcowy i obie dru≈ºyny strzelƒÖ Aston Villa i Tak
INFO:root:Nie znalaz≈Çem zak≈Çadu Wynik ko≈Ñcowy i obie dru≈ºyny strzelƒÖ Aston Villa i Nie
INFO:root:Nie znalaz≈Çem zak≈Çadu Handicap 0:1 Aston Villa
INFO:root:Nie znalaz≈Çem zak≈Çadu Handicap 1:0 Aston Villa
INFO:root:Nieznana nazwa: La Liga Hiszpania
INFO:root:Nieznana nazwa: La Liga Hiszpania
INFO:root:Nieznana nazwa: La Liga Hiszpania
INFO:root:Nie znalaz≈Çem zak≈Çadu 1X2 Leganes
INFO:root:Nie znalaz≈Çem zak≈Çadu Remis - nie ma zak≈Çadu (remis=zwrot) Leganes
INFO:root:Nie znalaz≈Çem zak≈Çadu Wynik do przerwy/Wynik ko≈Ñcowy Leganes / X
INFO:root:Nie znalaz≈Çem zak≈Çadu Wynik do przerwy/Wynik ko≈Ñcowy Leganes / Espanyol
INFO:root:Nie znalaz≈Çem zak≈Çadu Wynik do przerwy/Wynik ko≈Ñcowy Leganes / Leganes
INFO:root:Nie znalaz≈Çem zak≈Çadu Wynik do przerwy/Wynik ko≈Ñcowy X / Leganes
INFO:root:Nie znalaz≈Çem zak≈Çadu Wynik do przerwy/Wynik ko≈Ñcowy Espanyol / Leganes
INFO:root:Nie znalaz≈Çem zak≈Çadu Wynik 1 po≈Çowy Leganes
INFO:root:Nie znalaz≈Çem zak≈Çadu Podw√≥jna szansa - 1 po≈Çowa X/Leganes
INFO:root:Nie znalaz≈Çem zak≈Çadu Podw√≥jna szansa - 1 po≈Çowa Espanyol/Leganes
INFO:root:Nie znalaz≈Çem zak≈Çadu Wynik ko≈Ñcowy i Poni≈ºej/Powy≈ºej 1.5 bramki Leganes i Poni≈ºej 1.5 bramki
INFO:root:Nie znalaz≈Çem zak≈Çadu Wynik ko≈Ñcowy i Poni≈ºej/Powy≈ºej 1.5 bramki Leganes i Powy≈ºej 1.5 bramki
INFO:root:Nie znalaz≈Çem zak≈Çadu Wynik ko≈Ñcowy i Poni≈ºej/Powy≈ºej 2.5 bramki Leganes i Poni≈ºej 2.5 bramki
INFO:root:Nie znalaz≈Çem zak≈Çadu Wynik ko≈Ñcowy i Poni≈ºej/Powy≈ºej 2.5 bramki Leganes i Powy≈ºej 2.5 bramki
INFO:root:Nie znalaz≈Çem zak≈Çadu Wynik ko≈Ñcowy i Poni≈ºej/Powy≈ºej 3.5 bramki Leganes i Powy≈ºej 3.5 bramki
INFO:root:Nie znalaz≈Çem zak≈Çadu Wynik ko≈Ñcowy i Poni≈ºej/Powy≈ºej 3.5 bramki Leganes i Powy≈ºej 3.5 bramki
INFO:root:Nie znalaz≈Çem zak≈Çadu Wynik ko≈Ñcowy i obie dru≈ºyny strzelƒÖ Leganes i Tak
INFO:root:Nie znalaz≈Çem zak≈Çadu Wynik ko≈Ñcowy i obie dru≈ºyny strzelƒÖ Leganes i Nie
INFO:root:Nie znalaz≈Çem zak≈Çadu Handicap 0:1 Leganes
INFO:root:Nie znalaz≈Çem zak≈Çadu Handicap 1:0 Leganes
INFO:root:Nieznana nazwa: La Liga Hiszpania
INFO:root:Nieznana nazwa: La Liga Hiszpania
INFO:root:Nieznana nazwa: La Liga Hiszpania
INFO:root:Nieznana nazwa: La Liga Hiszpania
INFO:root:Nieznana nazwa: La Liga Hiszpania
INFO:root:Nieznana nazwa: La Liga Hiszpania
INFO:root:Nieznana nazwa: La Liga Hiszpania
INFO:root:Nieznana nazwa: La Liga Hiszpania
INFO:root:Nieznana nazwa: La Liga Hiszpania
INFO:root:Nieznana nazwa: La Liga Hiszpania
INFO:root:Nieznana nazwa: La Liga Hiszpania
INFO:root:Nieznana nazwa: La Liga Hiszpania
INFO:root:Nieznana nazwa: La Liga Hiszpania
INFO:root:Nieznana nazwa: La Liga Hiszpania
INFO:root:Nieznana nazwa: La Liga Hiszpania
INFO:root:Nieznana nazwa: La Liga Hiszpania
INFO:root:Nieznana nazwa: La Liga Hiszpania
INFO:root:Nieznana nazwa: La Liga Hiszpania
INFO:root:Nieznana nazwa: Primeira Liga Portugalia
INFO:root:Nieznana nazwa: Primeira Liga Portugalia
INFO:root:Nieznana nazwa: Primeira Liga Portugalia
INFO:root:Nieznana nazwa: Primeira Liga Portugalia
INFO:root:Nieznana nazwa: Primeira Liga Portugalia
INFO:root:Nieznana nazwa: Primeira Liga Portugalia
INFO:root:Nieznana nazwa: Primeira Liga Portugalia
INFO:root:Nieznana nazwa: Primeira Liga Portugalia
INFO:root:Nieznana nazwa: Primeira Liga Portugalia
INFO:root:Nieznana nazwa: Primeira Liga Portugalia
WARNING:root:ERROR dla: https://m.iforbet.pl/rest/market/events/4502843
WARNING:root:ERROR dla: https://m.iforbet.pl/rest/market/events/4502846
WARNING:root:ERROR dla: https://m.iforbet.pl/rest/market/events/4502847
WARNING:root:ERROR dla: https://m.iforbet.pl/rest/market/events/4502848
WARNING:root:ERROR dla: https://m.iforbet.pl/rest/market/events/4502849
WARNING:root:ERROR dla: https://m.iforbet.pl/rest/market/events/4502850
WARNING:root:ERROR dla: https://m.iforbet.pl/rest/market/events/4502842
WARNING:root:ERROR dla: https://m.iforbet.pl/rest/market/events/4502845
WARNING:root:ERROR dla: https://m.iforbet.pl/rest/market/events/4502844
WARNING:root:ERROR dla: https://m.iforbet.pl/rest/market/events/4056988
WARNING:root:ERROR dla: https://m.iforbet.pl/rest/market/events/4056989
WARNING:root:ERROR dla: https://m.iforbet.pl/rest/market/events/4056984
WARNING:root:ERROR dla: https://m.iforbet.pl/rest/market/events/4056986
WARNING:root:ERROR dla: https://m.iforbet.pl/rest/market/events/4056990
WARNING:root:ERROR dla: https://m.iforbet.pl/rest/market/events/4056987
WARNING:root:ERROR dla: https://m.iforbet.pl/rest/market/events/4056983
WARNING:root:ERROR dla: https://m.iforbet.pl/rest/market/events/4057435
WARNING:root:ERROR dla: https://m.iforbet.pl/rest/market/events/4057588
WARNING:root:ERROR dla: https://m.iforbet.pl/rest/market/events/4057589
WARNING:root:ERROR dla: https://m.iforbet.pl/rest/market/events/4057590
WARNING:root:ERROR dla: https://m.iforbet.pl/rest/market/events/4057591
WARNING:root:ERROR dla: https://m.iforbet.pl/rest/market/events/4057592
WARNING:root:ERROR dla: https://m.iforbet.pl/rest/market/events/4057593
WARNING:root:ERROR dla: https://m.iforbet.pl/rest/market/events/4057594
WARNING:root:ERROR dla: https://m.iforbet.pl/rest/market/events/4814016
WARNING:root:ERROR dla: https://m.iforbet.pl/rest/market/events/4814011
WARNING:root:ERROR dla: https://m.iforbet.pl/rest/market/events/4814012
WARNING:root:ERROR dla: https://m.iforbet.pl/rest/market/events/4814013
WARNING:root:ERROR dla: https://m.iforbet.pl/rest/market/events/4814014
WARNING:root:ERROR dla: https://m.iforbet.pl/rest/market/events/4814015
WARNING:root:ERROR dla: https://m.iforbet.pl/rest/market/events/4814018
WARNING:root:ERROR dla: https://m.iforbet.pl/rest/market/events/4814019
WARNING:root:ERROR dla: https://m.iforbet.pl/rest/market/events/4814020
WARNING:root:ERROR dla: https://m.iforbet.pl/rest/market/events/4814021
WARNING:root:ERROR dla: https://m.iforbet.pl/rest/market/events/4814022
WARNING:root:ERROR dla: https://m.iforbet.pl/rest/market/events/4814017
WARNING:root:ERROR dla: https://m.iforbet.pl/rest/market/events/4813981
WARNING:root:ERROR dla: https://m.iforbet.pl/rest/market/events/4813976
WARNING:root:ERROR dla: https://m.iforbet.pl/rest/market/events/4813979
WARNING:root:ERROR dla: https://m.iforbet.pl/rest/market/events/4813980
WARNING:root:ERROR dla: https://m.iforbet.pl/rest/market/events/4813982
WARNING:root:ERROR dla: https://m.iforbet.pl/rest/market/events/6790727
WARNING:root:ERROR dla: https://m.iforbet.pl/rest/market/events/6790728
WARNING:root:ERROR dla: https://m.iforbet.pl/rest/market/events/4738209
WARNING:root:ERROR dla: https://m.iforbet.pl/rest/market/events/4738205
WARNING:root:ERROR dla: https://m.iforbet.pl/rest/market/events/4738206
WARNING:root:ERROR dla: https://m.iforbet.pl/rest/market/events/4738207
WARNING:root:ERROR dla: https://m.iforbet.pl/rest/market/events/4738208
WARNING:root:ERROR dla: https://m.iforbet.pl/rest/market/events/4738211
WARNING:root:ERROR dla: https://m.iforbet.pl/rest/market/events/4738212
WARNING:root:ERROR dla: https://m.iforbet.pl/rest/market/events/4738210
WARNING:root:ERROR dla: https://m.iforbet.pl/rest/market/events/4738213
WARNING:root:ERROR dla: https://m.iforbet.pl/rest/market/events/4738214
WARNING:root:ERROR dla: https://m.iforbet.pl/rest/market/events/6689861
WARNING:root:ERROR dla: https://m.iforbet.pl/rest/market/events/6705812
WARNING:root:ERROR dla: https://m.iforbet.pl/rest/market/events/6705813
WARNING:root:ERROR dla: https://m.iforbet.pl/rest/market/events/6705814
WARNING:root:ERROR dla: https://m.iforbet.pl/rest/market/events/6705815
WARNING:root:ERROR dla: https://m.iforbet.pl/rest/market/events/6707253
WARNING:root:ERROR dla: https://m.iforbet.pl/rest/market/events/4738739
WARNING:root:ERROR dla: https://m.iforbet.pl/rest/market/events/4738733
WARNING:root:ERROR dla: https://m.iforbet.pl/rest/market/events/4738740
WARNING:root:ERROR dla: https://m.iforbet.pl/rest/market/events/4738731
WARNING:root:ERROR dla: https://m.iforbet.pl/rest/market/events/4738738
WARNING:root:ERROR dla: https://m.iforbet.pl/rest/market/events/4738732
WARNING:root:ERROR dla: https://m.iforbet.pl/rest/market/events/4738736
WARNING:root:ERROR dla: https://m.iforbet.pl/rest/market/events/4738734
WARNING:root:ERROR dla: https://m.iforbet.pl/rest/market/events/4738737
WARNING:root:ERROR dla: https://m.iforbet.pl/rest/market/events/4738735
WARNING:root:ERROR dla: https://m.iforbet.pl/rest/market/events/4738747
WARNING:root:ERROR dla: https://m.iforbet.pl/rest/market/events/4738750
WARNING:root:ERROR dla: https://m.iforbet.pl/rest/market/events/4738745
WARNING:root:ERROR dla: https://m.iforbet.pl/rest/market/events/4738746
WARNING:root:ERROR dla: https://m.iforbet.pl/rest/market/events/4738749
WARNING:root:ERROR dla: https://m.iforbet.pl/rest/market/events/4738742
WARNING:root:ERROR dla: https://m.iforbet.pl/rest/market/events/4738741
WARNING:root:ERROR dla: https://m.iforbet.pl/rest/market/events/4738743
WARNING:root:ERROR dla: https://m.iforbet.pl/rest/market/events/4738744
WARNING:root:ERROR dla: https://m.iforbet.pl/rest/market/events/4738748
WARNING:root:ERROR dla: https://m.iforbet.pl/rest/market/events/4811640
WARNING:root:ERROR dla: https://m.iforbet.pl/rest/market/events/4811643
WARNING:root:ERROR dla: https://m.iforbet.pl/rest/market/events/4811639
WARNING:root:ERROR dla: https://m.iforbet.pl/rest/market/events/4811645
WARNING:root:ERROR dla: https://m.iforbet.pl/rest/market/events/4811635
WARNING:root:ERROR dla: https://m.iforbet.pl/rest/market/events/4811636
WARNING:root:ERROR dla: https://m.iforbet.pl/rest/market/events/4811641
WARNING:root:ERROR dla: https://m.iforbet.pl/rest/market/events/4811642
WARNING:root:ERROR dla: https://m.iforbet.pl/rest/market/events/4811637
WARNING:root:ERROR dla: https://m.iforbet.pl/rest/market/events/4811638
WARNING:root:ERROR dla: https://m.iforbet.pl/rest/market/events/4811644
WARNING:root:ERROR dla: https://m.iforbet.pl/rest/market/events/4737863
WARNING:root:ERROR dla: https://m.iforbet.pl/rest/market/events/4737864
WARNING:root:ERROR dla: https://m.iforbet.pl/rest/market/events/4737866
WARNING:root:ERROR dla: https://m.iforbet.pl/rest/market/events/4737867
WARNING:root:ERROR dla: https://m.iforbet.pl/rest/market/events/4737868
WARNING:root:ERROR dla: https://m.iforbet.pl/rest/market/events/4737869
WARNING:root:ERROR dla: https://m.iforbet.pl/rest/market/events/4737865
WARNING:root:ERROR dla: https://m.iforbet.pl/rest/market/events/4737870
WARNING:root:ERROR dla: https://m.iforbet.pl/rest/market/events/4737862
WARNING:root:ERROR dla: https://m.iforbet.pl/rest/market/events/4737874
WARNING:root:ERROR dla: https://m.iforbet.pl/rest/market/events/4737872
WARNING:root:ERROR dla: https://m.iforbet.pl/rest/market/events/4737873
WARNING:root:ERROR dla: https://m.iforbet.pl/rest/market/events/4737876
WARNING:root:ERROR dla: https://m.iforbet.pl/rest/market/events/4737877
WARNING:root:ERROR dla: https://m.iforbet.pl/rest/market/events/4737878
WARNING:root:ERROR dla: https://m.iforbet.pl/rest/market/events/4737875
WARNING:root:ERROR dla: https://m.iforbet.pl/rest/market/events/4737871
WARNING:root:ERROR dla: https://m.iforbet.pl/rest/market/events/4737879
WARNING:root:ERROR dla: https://m.iforbet.pl/rest/market/events/4737860
WARNING:root:ERROR dla: https://m.iforbet.pl/rest/market/events/4737854
WARNING:root:ERROR dla: https://m.iforbet.pl/rest/market/events/4737855
WARNING:root:ERROR dla: https://m.iforbet.pl/rest/market/events/4737857
WARNING:root:ERROR dla: https://m.iforbet.pl/rest/market/events/4737858
WARNING:root:ERROR dla: https://m.iforbet.pl/rest/market/events/4737861
WARNING:root:ERROR dla: https://m.iforbet.pl/rest/market/events/4737853
WARNING:root:ERROR dla: https://m.iforbet.pl/rest/market/events/4811104
WARNING:root:ERROR dla: https://m.iforbet.pl/rest/market/events/4811106
WARNING:root:ERROR dla: https://m.iforbet.pl/rest/market/events/4811109
WARNING:root:ERROR dla: https://m.iforbet.pl/rest/market/events/4811110
WARNING:root:ERROR dla: https://m.iforbet.pl/rest/market/events/4811103
WARNING:root:ERROR dla: https://m.iforbet.pl/rest/market/events/4811102
WARNING:root:ERROR dla: https://m.iforbet.pl/rest/market/events/4811107
WARNING:root:ERROR dla: https://m.iforbet.pl/rest/market/events/4811108
WARNING:root:ERROR dla: https://m.iforbet.pl/rest/market/events/4811105
WARNING:root:ERROR dla: https://m.iforbet.pl/rest/market/events/4811086
WARNING:root:ERROR dla: https://m.iforbet.pl/rest/market/events/4811087
WARNING:root:ERROR dla: https://m.iforbet.pl/rest/market/events/4811085
WARNING:root:ERROR dla: https://m.iforbet.pl/rest/market/events/4811090
WARNING:root:ERROR dla: https://m.iforbet.pl/rest/market/events/4811092
WARNING:root:ERROR dla: https://m.iforbet.pl/rest/market/events/4738966
WARNING:root:ERROR dla: https://m.iforbet.pl/rest/market/events/4738963
WARNING:root:ERROR dla: https://m.iforbet.pl/rest/market/events/4738965
WARNING:root:ERROR dla: https://m.iforbet.pl/rest/market/events/4738957
WARNING:root:ERROR dla: https://m.iforbet.pl/rest/market/events/4738958
WARNING:root:ERROR dla: https://m.iforbet.pl/rest/market/events/4738964
WARNING:root:ERROR dla: https://m.iforbet.pl/rest/market/events/4738960
WARNING:root:ERROR dla: https://m.iforbet.pl/rest/market/events/4738961
WARNING:root:ERROR dla: https://m.iforbet.pl/rest/market/events/4738959
WARNING:root:ERROR dla: https://m.iforbet.pl/rest/market/events/4738962
WARNING:root:ERROR dla: https://m.iforbet.pl/rest/market/events/4738938
WARNING:root:ERROR dla: https://m.iforbet.pl/rest/market/events/4738946
WARNING:root:ERROR dla: https://m.iforbet.pl/rest/market/events/4738824
WARNING:root:ERROR dla: https://m.iforbet.pl/rest/market/events/4738939
WARNING:root:ERROR dla: https://m.iforbet.pl/rest/market/events/4738940
WARNING:root:ERROR dla: https://m.iforbet.pl/rest/market/events/4738944
WARNING:root:ERROR dla: https://m.iforbet.pl/rest/market/events/4738945
WARNING:root:ERROR dla: https://m.iforbet.pl/rest/market/events/4738942
WARNING:root:ERROR dla: https://m.iforbet.pl/rest/market/events/4738943
WARNING:root:ERROR dla: https://m.iforbet.pl/rest/market/events/4738941
WARNING:root:ERROR dla: https://m.iforbet.pl/rest/market/events/4813538
WARNING:root:ERROR dla: https://m.iforbet.pl/rest/market/events/4813533
WARNING:root:ERROR dla: https://m.iforbet.pl/rest/market/events/4813535
WARNING:root:ERROR dla: https://m.iforbet.pl/rest/market/events/4813536
WARNING:root:ERROR dla: https://m.iforbet.pl/rest/market/events/4813539
WARNING:root:ERROR dla: https://m.iforbet.pl/rest/market/events/4813534
WARNING:root:ERROR dla: https://m.iforbet.pl/rest/market/events/4813537
WARNING:root:ERROR dla: https://m.iforbet.pl/rest/market/events/4813540
WARNING:root:ERROR dla: https://m.iforbet.pl/rest/market/events/4813541
WARNING:root:ERROR dla: https://m.iforbet.pl/rest/market/events/6739285
WARNING:root:ERROR dla: https://m.iforbet.pl/rest/market/events/6755050
WARNING:root:ERROR dla: https://m.iforbet.pl/rest/market/events/6756615
WARNING:root:ERROR dla: https://m.iforbet.pl/rest/market/events/6756616
WARNING:root:ERROR dla: https://m.iforbet.pl/rest/market/events/6756745
WARNING:root:ERROR dla: https://m.iforbet.pl/rest/market/events/6769179
WARNING:root:ERROR dla: https://m.iforbet.pl/rest/market/events/6772128
WARNING:root:ERROR dla: https://m.iforbet.pl/rest/market/events/6773931
WARNING:root:ERROR dla: https://m.iforbet.pl/rest/market/events/4739242
WARNING:root:ERROR dla: https://m.iforbet.pl/rest/market/events/4739243
WARNING:root:ERROR dla: https://m.iforbet.pl/rest/market/events/4739244
WARNING:root:ERROR dla: https://m.iforbet.pl/rest/market/events/4739245
WARNING:root:ERROR dla: https://m.iforbet.pl/rest/market/events/4739246
WARNING:root:ERROR dla: https://m.iforbet.pl/rest/market/events/4739247
WARNING:root:ERROR dla: https://m.iforbet.pl/rest/market/events/4739248
WARNING:root:ERROR dla: https://m.iforbet.pl/rest/market/events/4739249
WARNING:root:ERROR dla: https://m.iforbet.pl/rest/market/events/4739250
WARNING:root:ERROR dla: https://m.iforbet.pl/rest/market/events/4739251
WARNING:root:ERROR dla: https://m.iforbet.pl/rest/market/events/4739233
WARNING:root:ERROR dla: https://m.iforbet.pl/rest/market/events/4739234
WARNING:root:ERROR dla: https://m.iforbet.pl/rest/market/events/4739235
WARNING:root:ERROR dla: https://m.iforbet.pl/rest/market/events/4739236
WARNING:root:ERROR dla: https://m.iforbet.pl/rest/market/events/4739237
WARNING:root:ERROR dla: https://m.iforbet.pl/rest/market/events/4739238
WARNING:root:ERROR dla: https://m.iforbet.pl/rest/market/events/4739239
WARNING:root:ERROR dla: https://m.iforbet.pl/rest/market/events/4739240
WARNING:root:ERROR dla: https://m.iforbet.pl/rest/market/events/6538809
WARNING:root:ERROR dla: https://m.iforbet.pl/rest/market/events/6538803
WARNING:root:ERROR dla: https://m.iforbet.pl/rest/market/events/6538805
WARNING:root:ERROR dla: https://m.iforbet.pl/rest/market/events/6538808
WARNING:root:ERROR dla: https://m.iforbet.pl/rest/market/events/6538802
WARNING:root:ERROR dla: https://m.iforbet.pl/rest/market/events/6538804
WARNING:root:ERROR dla: https://m.iforbet.pl/rest/market/events/6538810
WARNING:root:ERROR dla: https://m.iforbet.pl/rest/market/events/6538806
WARNING:root:ERROR dla: https://m.iforbet.pl/rest/market/events/6538807
WARNING:root:ERROR dla: https://m.iforbet.pl/rest/market/events/6715703
WARNING:root:ERROR dla: https://m.iforbet.pl/rest/market/events/6715704
WARNING:root:ERROR dla: https://m.iforbet.pl/rest/market/events/6715705
WARNING:root:ERROR dla: https://m.iforbet.pl/rest/market/events/6715706
WARNING:root:ERROR dla: https://m.iforbet.pl/rest/market/events/6715693
WARNING:root:ERROR dla: https://m.iforbet.pl/rest/market/events/6715694
WARNING:root:ERROR dla: https://m.iforbet.pl/rest/market/events/6715695
WARNING:root:ERROR dla: https://m.iforbet.pl/rest/market/events/6715696
WARNING:root:ERROR dla: https://m.iforbet.pl/rest/market/events/6822500
WARNING:root:ERROR dla: https://m.iforbet.pl/rest/market/events/6822501
WARNING:root:ERROR dla: https://m.iforbet.pl/rest/market/events/6822502
WARNING:root:ERROR dla: https://m.iforbet.pl/rest/market/events/6822503
WARNING:root:ERROR dla: https://m.iforbet.pl/rest/market/events/6822504
WARNING:root:ERROR dla: https://m.iforbet.pl/rest/market/events/6822505
INFO:root:Nieznana nazwa: La Liga Hiszpania
INFO:root:Nieznana nazwa: La Liga Hiszpania
INFO:root:Nieznana nazwa: La Liga Hiszpania
INFO:root:Nieznana nazwa: La Liga Hiszpania
INFO:root:Nieznana nazwa: La Liga Hiszpania
INFO:root:Nieznana nazwa: La Liga Hiszpania
INFO:root:Nieznana nazwa: La Liga Hiszpania
INFO:root:Nieznana nazwa: La Liga Hiszpania
INFO:root:Nieznana nazwa: La Liga Hiszpania
INFO:root:Nieznana nazwa: La Liga Hiszpania
INFO:root:Nieznana nazwa: La Liga Hiszpania
INFO:root:Nieznana nazwa: La Liga Hiszpania
INFO:root:Nieznana nazwa: La Liga Hiszpania
INFO:root:Nieznana nazwa: La Liga Hiszpania
INFO:root:Nieznana nazwa: La Liga Hiszpania
INFO:root:Nieznana nazwa: La Liga Hiszpania
INFO:root:Nieznana nazwa: La Liga Hiszpania
INFO:root:Nieznana nazwa: La Liga Hiszpania
INFO:root:Nie znalaz≈Çem zak≈Çadu 1X2 Aston Villa
INFO:root:Nie znalaz≈Çem zak≈Çadu Remis - nie ma zak≈Çadu (remis=zwrot) Aston Villa
INFO:root:Nie znalaz≈Çem zak≈Çadu Wynik do przerwy/Wynik ko≈Ñcowy Aston Villa / X
INFO:root:Nie znalaz≈Çem zak≈Çadu Wynik do przerwy/Wynik ko≈Ñcowy Aston Villa / Wigan Athletic
INFO:root:Nie znalaz≈Çem zak≈Çadu Wynik do przerwy/Wynik ko≈Ñcowy Aston Villa / Aston Villa
INFO:root:Nie znalaz≈Çem zak≈Çadu Wynik do przerwy/Wynik ko≈Ñcowy X / Aston Villa
INFO:root:Nie znalaz≈Çem zak≈Çadu Wynik do przerwy/Wynik ko≈Ñcowy Wigan Athletic / Aston Villa
INFO:root:Nie znalaz≈Çem zak≈Çadu Wynik 1 po≈Çowy Aston Villa
INFO:root:Nie znalaz≈Çem zak≈Çadu Podw√≥jna szansa - 1 po≈Çowa X/Aston Villa
INFO:root:Nie znalaz≈Çem zak≈Çadu Podw√≥jna szansa - 1 po≈Çowa Wigan Athletic/Aston Villa
INFO:root:Nie znalaz≈Çem zak≈Çadu Wynik ko≈Ñcowy i Poni≈ºej/Powy≈ºej 1.5 bramki Aston Villa i Poni≈ºej 1.5 bramki
INFO:root:Nie znalaz≈Çem zak≈Çadu Wynik ko≈Ñcowy i Poni≈ºej/Powy≈ºej 1.5 bramki Aston Villa i Powy≈ºej 1.5 bramki
INFO:root:Nie znalaz≈Çem zak≈Çadu Wynik ko≈Ñcowy i Poni≈ºej/Powy≈ºej 2.5 bramki Aston Villa i Poni≈ºej 2.5 bramki
INFO:root:Nie znalaz≈Çem zak≈Çadu Wynik ko≈Ñcowy i Poni≈ºej/Powy≈ºej 2.5 bramki Aston Villa i Powy≈ºej 2.5 bramki
INFO:root:Nie znalaz≈Çem zak≈Çadu Wynik ko≈Ñcowy i Poni≈ºej/Powy≈ºej 3.5 bramki Aston Villa i Powy≈ºej 3.5 bramki
INFO:root:Nie znalaz≈Çem zak≈Çadu Wynik ko≈Ñcowy i Poni≈ºej/Powy≈ºej 3.5 bramki Aston Villa i Powy≈ºej 3.5 bramki
INFO:root:Nie znalaz≈Çem zak≈Çadu Wynik ko≈Ñcowy i obie dru≈ºyny strzelƒÖ Aston Villa i Tak
INFO:root:Nie znalaz≈Çem zak≈Çadu Wynik ko≈Ñcowy i obie dru≈ºyny strzelƒÖ Aston Villa i Nie
INFO:root:Nie znalaz≈Çem zak≈Çadu Handicap 0:1 Aston Villa
INFO:root:Nie znalaz≈Çem zak≈Çadu Handicap 1:0 Aston Villa
INFO:root:Nie znalaz≈Çem zak≈Çadu Wynik do przerwy/Wynik ko≈Ñcowy Racing Strasbourg / Racing Strasbourg
INFO:root:Nie znalaz≈Çem zak≈Çadu Wynik do przerwy/Wynik ko≈Ñcowy X / Racing Strasbourg
INFO:root:Nie znalaz≈Çem zak≈Çadu Wynik do przerwy/Wynik ko≈Ñcowy Toulouse / Racing Strasbourg
INFO:root:Nie znalaz≈Çem zak≈Çadu Podw√≥jna szansa - 1 po≈Çowa X/Racing Strasbourg
INFO:root:Nie znalaz≈Çem zak≈Çadu Podw√≥jna szansa - 1 po≈Çowa Toulouse/Racing Strasbourg
INFO:root:Nie znalaz≈Çem zak≈Çadu Wynik do przerwy/Wynik ko≈Ñcowy FC Brighton & Hove Albion / FC Brighton & Hove Albion
INFO:root:Nie znalaz≈Çem zak≈Çadu Wynik do przerwy/Wynik ko≈Ñcowy FC Brighton & Hove Albion / X
INFO:root:Nie znalaz≈Çem zak≈Çadu Wynik do przerwy/Wynik ko≈Ñcowy FC Liverpool / FC Brighton & Hove Albion
INFO:root:Nie znalaz≈Çem zak≈Çadu Wynik do przerwy/Wynik ko≈Ñcowy FC Liverpool / FC Liverpool
INFO:root:Nie znalaz≈Çem zak≈Çadu Wynik do przerwy/Wynik ko≈Ñcowy X / FC Brighton & Hove Albion
INFO:root:Nie znalaz≈Çem zak≈Çadu Wynik do przerwy/Wynik ko≈Ñcowy X / FC Liverpool
INFO:root:Nie znalaz≈Çem zak≈Çadu Wynik do przerwy/Wynik ko≈Ñcowy FC Brighton & Hove Albion / FC Liverpool
INFO:root:Nie znalaz≈Çem zak≈Çadu Podw√≥jna szansa - 1 po≈Çowa FC Brighton & Hove Albion/X
INFO:root:Nie znalaz≈Çem zak≈Çadu Podw√≥jna szansa - 1 po≈Çowa X/FC Liverpool
INFO:root:Nie znalaz≈Çem zak≈Çadu Podw√≥jna szansa - 1 po≈Çowa FC Brighton & Hove Albion/FC Liverpool
INFO:root:Nie znalaz≈Çem zak≈Çadu Wynik ko≈Ñcowy i Poni≈ºej/Powy≈ºej 1.5 bramki FC Brighton & Hove Albion i Poni≈ºej 1.5 bramki
INFO:root:Nie znalaz≈Çem zak≈Çadu Wynik ko≈Ñcowy i Poni≈ºej/Powy≈ºej 1.5 bramki FC Brighton & Hove Albion i Powy≈ºej 1.5 bramki
INFO:root:Nie znalaz≈Çem zak≈Çadu Wynik ko≈Ñcowy i Poni≈ºej/Powy≈ºej 2.5 bramki FC Brighton & Hove Albion i Poni≈ºej 2.5 bramki
INFO:root:Nie znalaz≈Çem zak≈Çadu Wynik ko≈Ñcowy i Poni≈ºej/Powy≈ºej 2.5 bramki FC Brighton & Hove Albion i Powy≈ºej 2.5 bramki
INFO:root:Nie znalaz≈Çem zak≈Çadu Wynik ko≈Ñcowy i Poni≈ºej/Powy≈ºej 3.5 bramki FC Brighton & Hove Albion i Poni≈ºej 3.5 bramki
INFO:root:Nie znalaz≈Çem zak≈Çadu Wynik ko≈Ñcowy i Poni≈ºej/Powy≈ºej 3.5 bramki FC Brighton & Hove Albion i Powy≈ºej 3.5 bramki
INFO:root:Nie znalaz≈Çem zak≈Çadu Wynik ko≈Ñcowy i obie dru≈ºyny strzelƒÖ FC Brighton & Hove Albion i Tak
INFO:root:Nie znalaz≈Çem zak≈Çadu Wynik ko≈Ñcowy i obie dru≈ºyny strzelƒÖ FC Brighton & Hove Albion i Nie
INFO:root:Nie znalaz≈Çem zak≈Çadu Wynik do przerwy/Wynik ko≈Ñcowy FC Burnley / FC Burnley
INFO:root:Nie znalaz≈Çem zak≈Çadu Wynik do przerwy/Wynik ko≈Ñcowy Fulham FC / X
INFO:root:Nie znalaz≈Çem zak≈Çadu Wynik do przerwy/Wynik ko≈Ñcowy Fulham FC / FC Burnley
INFO:root:Nie znalaz≈Çem zak≈Çadu Wynik do przerwy/Wynik ko≈Ñcowy Fulham FC / Fulham FC
INFO:root:Nie znalaz≈Çem zak≈Çadu Wynik do przerwy/Wynik ko≈Ñcowy X / FC Burnley
INFO:root:Nie znalaz≈Çem zak≈Çadu Wynik ko≈Ñcowy i Poni≈ºej/Powy≈ºej 1.5 bramki Fulham FC i Poni≈ºej 1.5 bramki
INFO:root:Nie znalaz≈Çem zak≈Çadu Wynik ko≈Ñcowy i Poni≈ºej/Powy≈ºej 1.5 bramki Fulham FC i Powy≈ºej 1.5 bramki
INFO:root:Nie znalaz≈Çem zak≈Çadu Wynik ko≈Ñcowy i Poni≈ºej/Powy≈ºej 2.5 bramki Fulham FC i Poni≈ºej 2.5 bramki
INFO:root:Nie znalaz≈Çem zak≈Çadu Wynik ko≈Ñcowy i Poni≈ºej/Powy≈ºej 2.5 bramki Fulham FC i Powy≈ºej 2.5 bramki
INFO:root:Nie znalaz≈Çem zak≈Çadu Wynik ko≈Ñcowy i Poni≈ºej/Powy≈ºej 3.5 bramki Fulham FC i Powy≈ºej 3.5 bramki
INFO:root:Nie znalaz≈Çem zak≈Çadu Wynik ko≈Ñcowy i Poni≈ºej/Powy≈ºej 3.5 bramki Fulham FC i Powy≈ºej 3.5 bramki
INFO:root:Nie znalaz≈Çem zak≈Çadu Wynik ko≈Ñcowy i obie dru≈ºyny strzelƒÖ Fulham FC i Tak
INFO:root:Nie znalaz≈Çem zak≈Çadu Wynik ko≈Ñcowy i obie dru≈ºyny strzelƒÖ Fulham FC i Nie
INFO:root:Nie znalaz≈Çem zak≈Çadu Wynik do przerwy/Wynik ko≈Ñcowy Cardiff City / Cardiff City
INFO:root:Nie znalaz≈Çem zak≈Çadu Wynik do przerwy/Wynik ko≈Ñcowy Cardiff City / X
INFO:root:Nie znalaz≈Çem zak≈Çadu Wynik do przerwy/Wynik ko≈Ñcowy Huddersfield Town / X
INFO:root:Nie znalaz≈Çem zak≈Çadu Wynik do przerwy/Wynik ko≈Ñcowy Huddersfield Town / Cardiff City
INFO:root:Nie znalaz≈Çem zak≈Çadu Wynik do przerwy/Wynik ko≈Ñcowy Huddersfield Town / Huddersfield Town
INFO:root:Nie znalaz≈Çem zak≈Çadu Wynik do przerwy/Wynik ko≈Ñcowy Cardiff City / Huddersfield Town
INFO:root:Nie znalaz≈Çem zak≈Çadu Podw√≥jna szansa - 1 po≈Çowa Cardiff City/X
INFO:root:Nie znalaz≈Çem zak≈Çadu Podw√≥jna szansa - 1 po≈Çowa Cardiff City/Huddersfield Town
INFO:root:Nie znalaz≈Çem zak≈Çadu Wynik ko≈Ñcowy i Poni≈ºej/Powy≈ºej 1.5 bramki Cardiff City i Poni≈ºej 1.5 bramki
INFO:root:Nie znalaz≈Çem zak≈Çadu Wynik ko≈Ñcowy i Poni≈ºej/Powy≈ºej 1.5 bramki Cardiff City i Powy≈ºej 1.5 bramki
INFO:root:Nie znalaz≈Çem zak≈Çadu Wynik ko≈Ñcowy i Poni≈ºej/Powy≈ºej 1.5 bramki Huddersfield Town i Poni≈ºej 1.5 bramki
INFO:root:Nie znalaz≈Çem zak≈Çadu Wynik ko≈Ñcowy i Poni≈ºej/Powy≈ºej 1.5 bramki Huddersfield Town i Powy≈ºej 1.5 bramki
INFO:root:Nie znalaz≈Çem zak≈Çadu Wynik ko≈Ñcowy i Poni≈ºej/Powy≈ºej 2.5 bramki Cardiff City i Poni≈ºej 2.5 bramki
INFO:root:Nie znalaz≈Çem zak≈Çadu Wynik ko≈Ñcowy i Poni≈ºej/Powy≈ºej 2.5 bramki Cardiff City i Powy≈ºej 2.5 bramki
INFO:root:Nie znalaz≈Çem zak≈Çadu Wynik ko≈Ñcowy i Poni≈ºej/Powy≈ºej 2.5 bramki Huddersfield Town i Poni≈ºej 2.5 bramki
INFO:root:Nie znalaz≈Çem zak≈Çadu Wynik ko≈Ñcowy i Poni≈ºej/Powy≈ºej 2.5 bramki Huddersfield Town i Powy≈ºej 2.5 bramki
INFO:root:Nie znalaz≈Çem zak≈Çadu Wynik ko≈Ñcowy i Poni≈ºej/Powy≈ºej 3.5 bramki Cardiff City i Poni≈ºej 3.5 bramki
INFO:root:Nie znalaz≈Çem zak≈Çadu Wynik ko≈Ñcowy i Poni≈ºej/Powy≈ºej 3.5 bramki Cardiff City i Powy≈ºej 3.5 bramki
INFO:root:Nie znalaz≈Çem zak≈Çadu Wynik ko≈Ñcowy i Poni≈ºej/Powy≈ºej 3.5 bramki Huddersfield Town i Powy≈ºej 3.5 bramki
INFO:root:Nie znalaz≈Çem zak≈Çadu Wynik ko≈Ñcowy i Poni≈ºej/Powy≈ºej 3.5 bramki Huddersfield Town i Powy≈ºej 3.5 bramki
INFO:root:Nie znalaz≈Çem zak≈Çadu Wynik ko≈Ñcowy i obie dru≈ºyny strzelƒÖ Cardiff City i Tak
INFO:root:Nie znalaz≈Çem zak≈Çadu Wynik ko≈Ñcowy i obie dru≈ºyny strzelƒÖ Huddersfield Town i Tak
INFO:root:Nie znalaz≈Çem zak≈Çadu Wynik ko≈Ñcowy i obie dru≈ºyny strzelƒÖ Cardiff City i Nie
INFO:root:Nie znalaz≈Çem zak≈Çadu Wynik ko≈Ñcowy i obie dru≈ºyny strzelƒÖ Huddersfield Town i Nie
INFO:root:Nie znalaz≈Çem zak≈Çadu Wynik do przerwy/Wynik ko≈Ñcowy Watford FC / X
INFO:root:Nie znalaz≈Çem zak≈Çadu Wynik do przerwy/Wynik ko≈Ñcowy Watford FC / Crystal Palace
INFO:root:Nie znalaz≈Çem zak≈Çadu Wynik do przerwy/Wynik ko≈Ñcowy Watford FC / Watford FC
INFO:root:Nie znalaz≈Çem zak≈Çadu Wynik ko≈Ñcowy i Poni≈ºej/Powy≈ºej 1.5 bramki Watford FC i Poni≈ºej 1.5 bramki
INFO:root:Nie znalaz≈Çem zak≈Çadu Wynik ko≈Ñcowy i Poni≈ºej/Powy≈ºej 1.5 bramki Watford FC i Powy≈ºej 1.5 bramki
INFO:root:Nie znalaz≈Çem zak≈Çadu Wynik ko≈Ñcowy i Poni≈ºej/Powy≈ºej 2.5 bramki Watford FC i Poni≈ºej 2.5 bramki
INFO:root:Nie znalaz≈Çem zak≈Çadu Wynik ko≈Ñcowy i Poni≈ºej/Powy≈ºej 2.5 bramki Watford FC i Powy≈ºej 2.5 bramki
INFO:root:Nie znalaz≈Çem zak≈Çadu Wynik ko≈Ñcowy i Poni≈ºej/Powy≈ºej 3.5 bramki Watford FC i Powy≈ºej 3.5 bramki
INFO:root:Nie znalaz≈Çem zak≈Çadu Wynik ko≈Ñcowy i Poni≈ºej/Powy≈ºej 3.5 bramki Watford FC i Powy≈ºej 3.5 bramki
INFO:root:Nie znalaz≈Çem zak≈Çadu Wynik ko≈Ñcowy i obie dru≈ºyny strzelƒÖ Watford FC i Tak
INFO:root:Nie znalaz≈Çem zak≈Çadu Wynik ko≈Ñcowy i obie dru≈ºyny strzelƒÖ Watford FC i Nie
