INFO:root:Nieznana nazwa: Raków Cz.
WARNING:root:ERROR dla: /zaklady_bukmacherskie/piłka-nozna/fortuna-1-liga-polska/r-czestochowa-tychy-MPL17415263
INFO:root:Nieznana nazwa: B.Bytów
WARNING:root:ERROR dla: /zaklady_bukmacherskie/piłka-nozna/fortuna-1-liga-polska/opole-b-bytow-MPL17415261
INFO:root:Nieznana nazwa: W.Suwałki
WARNING:root:ERROR dla: /zaklady_bukmacherskie/piłka-nozna/fortuna-1-liga-polska/w-suwalki-nowy-sacz-MPL17415265
INFO:root:Nieznana nazwa: Ch.Głogów
WARNING:root:ERROR dla: /zaklady_bukmacherskie/piłka-nozna/fortuna-1-liga-polska/ch-glogow-war-poznan-MPL17415257
INFO:root:Nieznana nazwa: S.Częstochowa
WARNING:root:ERROR dla: /zaklady_bukmacherskie/piłka-nozna/2-polska/b-stargard-s-czestochowa-MPL17346305
INFO:root:Nieznana nazwa: Resovia
WARNING:root:ERROR dla: /zaklady_bukmacherskie/piłka-nozna/2-polska/resovia-ol-grudziadz-MPL17346309
INFO:root:Nieznana nazwa: G.Łęczna
WARNING:root:ERROR dla: /zaklady_bukmacherskie/piłka-nozna/2-polska/leczna-s-tarnobrzeg-MPL17346307
INFO:root:Nieznana nazwa: Rozwój Kat.
WARNING:root:ERROR dla: /zaklady_bukmacherskie/piłka-nozna/2-polska/wejherowo-rozwoj-kat--MPL17346312
INFO:root:Nieznana nazwa: Innsbruck
INFO:root:Nieznana nazwa: Hartberg
WARNING:root:ERROR dla: /zaklady_bukmacherskie/piłka-nozna/1-austria/innsbruck-hartberg-MPL20788485
INFO:root:Nieznana nazwa: St.Gilloise
WARNING:root:ERROR dla: /zaklady_bukmacherskie/piłka-nozna/1-belgia/cercle-st-gilloise-MPL20778770
INFO:root:Nieznana nazwa: Beerschot
INFO:root:Nieznana nazwa: Westerlo
WARNING:root:ERROR dla: /zaklady_bukmacherskie/piłka-nozna/1-belgia/beerschot-westerlo-MPL20778768
INFO:root:Nieznana nazwa: Gorica
WARNING:root:ERROR dla: /zaklady_bukmacherskie/piłka-nozna/1-chorwacja/rud-zagreb-gorica-MPL17412720
INFO:root:Nieznana nazwa: Opawa
WARNING:root:ERROR dla: /zaklady_bukmacherskie/piłka-nozna/1-czechy/opava-karvina-MPL21343563
INFO:root:Nieznana nazwa: Pribram
WARNING:root:ERROR dla: /zaklady_bukmacherskie/piłka-nozna/1-czechy/slovacko-pribram-MPL21343555
INFO:root:Nieznana nazwa: Esbjerg
INFO:root:Nieznana nazwa: Nordsjaeland
WARNING:root:ERROR dla: /zaklady_bukmacherskie/piłka-nozna/1-dania/esbjerg-nordsjaeland-MPL20788381
INFO:root:Nieznana nazwa: Herman.Sibiu
WARNING:root:ERROR dla: /zaklady_bukmacherskie/piłka-nozna/1-rumunia/medias-herman-sibiu-MPL20552305
INFO:root:Nieznana nazwa: Herman.Sibiu
WARNING:root:ERROR dla: /zaklady_bukmacherskie/piłka-nozna/1-rumunia/herman-sibiu-chiajna-MPL20552354
INFO:root:Nieznana nazwa: Jen.Krasnojarsk
WARNING:root:ERROR dla: /zaklady_bukmacherskie/piłka-nozna/1-rosja/jen-krasnojarsk-machackala-MPL17422646
INFO:root:Nieznana nazwa: Samara
WARNING:root:ERROR dla: /zaklady_bukmacherskie/piłka-nozna/1-rosja/samara-ufa-MPL17422648
INFO:root:Nieznana nazwa: Sereď
WARNING:root:ERROR dla: /zaklady_bukmacherskie/piłka-nozna/1-slowacja/dun-streda-sered-MPL20699341
INFO:root:Nieznana nazwa: Sereď
WARNING:root:ERROR dla: /zaklady_bukmacherskie/piłka-nozna/1-slowacja/sered-michalovce-MPL20699314
INFO:root:Nieznana nazwa: St.Mirren
WARNING:root:ERROR dla: /zaklady_bukmacherskie/piłka-nozna/1-szkocja/motherwell-st-mirren-MPL21079110
INFO:root:Nieznana nazwa: Falkenberg
WARNING:root:ERROR dla: /zaklady_bukmacherskie/piłka-nozna/1-szwecja/falkenberg-malmo-ff-MPL19632837
INFO:root:Nieznana nazwa: Helsingborg
WARNING:root:ERROR dla: /zaklady_bukmacherskie/piłka-nozna/1-szwecja/helsingborg-djurgarden-MPL19632843
INFO:root:Nieznana nazwa: Xamax N.
WARNING:root:ERROR dla: /zaklady_bukmacherskie/piłka-nozna/1-szwajcaria/thun-neuchatel-MPL17324918
INFO:root:Nieznana nazwa: Rizespor
WARNING:root:ERROR dla: /zaklady_bukmacherskie/piłka-nozna/1-turcja/ankaragucu-rize-MPL17592405
INFO:root:Nieznana nazwa: Erzurum
WARNING:root:ERROR dla: /zaklady_bukmacherskie/piłka-nozna/1-turcja/erzurum-bursa-MPL17592406
INFO:root:Nieznana nazwa: Vidi FC
WARNING:root:ERROR dla: /zaklady_bukmacherskie/piłka-nozna/1-wegry/diosgyor-vidi-fc-MPL17495588
INFO:root:Nieznana nazwa: UD L.Palmas
WARNING:root:ERROR dla: /zaklady_bukmacherskie/piłka-nozna/2-hiszpania/tenerife-las-palmas-MPL17607951
INFO:root:Nieznana nazwa: Mallorca
WARNING:root:ERROR dla: /zaklady_bukmacherskie/piłka-nozna/2-hiszpania/mallorca-gijon-MPL17607949
INFO:root:Nieznana nazwa: Magdeburg
WARNING:root:ERROR dla: /zaklady_bukmacherskie/piłka-nozna/2-niemcy/bochum-magdeburg-MPL17455637
INFO:root:Nieznana nazwa: Red Star
WARNING:root:ERROR dla: /zaklady_bukmacherskie/piłka-nozna/2-francja/sochaux-red-star-MPL17273688
INFO:root:Nieznana nazwa: Beziers
WARNING:root:ERROR dla: /zaklady_bukmacherskie/piłka-nozna/2-francja/beziers-brest-MPL17273682
INFO:root:Nieznana nazwa: Grenoble
WARNING:root:ERROR dla: /zaklady_bukmacherskie/piłka-nozna/2-francja/paris-fc-grenoble-MPL17273687
INFO:root:Nieznana nazwa: Liga Narodow UEFA
INFO:root:Nieznana nazwa: Liga Narodow UEFA
INFO:root:Nieznana nazwa: W.Suwałki
WARNING:root:ERROR dla: /zaklady_bukmacherskie/piłka-nozna/fortuna-1-liga-polska/w-suwalki-nowy-sacz-MPL17415265
INFO:root:Nieznana nazwa: Raków Cz.
WARNING:root:ERROR dla: /zaklady_bukmacherskie/piłka-nozna/fortuna-1-liga-polska/r-czestochowa-tychy-MPL17415263
INFO:root:Nieznana nazwa: B.Bytów
WARNING:root:ERROR dla: /zaklady_bukmacherskie/piłka-nozna/fortuna-1-liga-polska/opole-b-bytow-MPL17415261
INFO:root:Nieznana nazwa: S.Częstochowa
WARNING:root:ERROR dla: /zaklady_bukmacherskie/piłka-nozna/2-polska/b-stargard-s-czestochowa-MPL17346305
INFO:root:Nieznana nazwa: Resovia
WARNING:root:ERROR dla: /zaklady_bukmacherskie/piłka-nozna/2-polska/resovia-ol-grudziadz-MPL17346309
INFO:root:Nieznana nazwa: G.Łęczna
WARNING:root:ERROR dla: /zaklady_bukmacherskie/piłka-nozna/2-polska/leczna-s-tarnobrzeg-MPL17346307
INFO:root:Nieznana nazwa: Rozwój Kat.
WARNING:root:ERROR dla: /zaklady_bukmacherskie/piłka-nozna/2-polska/wejherowo-rozwoj-kat--MPL17346312
INFO:root:Nieznana nazwa: Innsbruck
INFO:root:Nieznana nazwa: Hartberg
WARNING:root:ERROR dla: /zaklady_bukmacherskie/piłka-nozna/1-austria/innsbruck-hartberg-MPL20788485
INFO:root:Nieznana nazwa: St.Gilloise
WARNING:root:ERROR dla: /zaklady_bukmacherskie/piłka-nozna/1-belgia/cercle-st-gilloise-MPL20778770
INFO:root:Nieznana nazwa: Beerschot
INFO:root:Nieznana nazwa: Westerlo
WARNING:root:ERROR dla: /zaklady_bukmacherskie/piłka-nozna/1-belgia/beerschot-westerlo-MPL20778768
INFO:root:Nieznana nazwa: Torp.Minsk
WARNING:root:ERROR dla: /zaklady_bukmacherskie/piłka-nozna/1-bialorus/torp-minsk-d-mogilev-MPL21025322
INFO:root:Nieznana nazwa: Ceará CE
WARNING:root:ERROR dla: /zaklady_bukmacherskie/piłka-nozna/1-brazylia/ceara-ce-atl-mineiro-mg-MPL20895240
INFO:root:Nieznana nazwa: Fortaleza CE
WARNING:root:ERROR dla: /zaklady_bukmacherskie/piłka-nozna/1-brazylia/botafogo-rj-fortaleza-ce-MPL20895238
INFO:root:Nieznana nazwa: Goias GO
WARNING:root:ERROR dla: /zaklady_bukmacherskie/piłka-nozna/1-brazylia/cruzeiro-mg-goias-go-MPL20895242
INFO:root:Nieznana nazwa: CSA AL
WARNING:root:ERROR dla: /zaklady_bukmacherskie/piłka-nozna/1-brazylia/csa-al-santos-sp-MPL20895244
INFO:root:Nieznana nazwa: Pribram
WARNING:root:ERROR dla: /zaklady_bukmacherskie/piłka-nozna/1-czechy/slovacko-pribram-MPL21343555
INFO:root:Nieznana nazwa: Opawa
WARNING:root:ERROR dla: /zaklady_bukmacherskie/piłka-nozna/1-czechy/opava-karvina-MPL21343563
INFO:root:Nieznana nazwa: Esbjerg
INFO:root:Nieznana nazwa: Nordsjaeland
WARNING:root:ERROR dla: /zaklady_bukmacherskie/piłka-nozna/1-dania/esbjerg-nordsjaeland-MPL20788381
INFO:root:Nieznana nazwa: Herman.Sibiu
WARNING:root:ERROR dla: /zaklady_bukmacherskie/piłka-nozna/1-rumunia/herman-sibiu-chiajna-MPL20552354
INFO:root:Nieznana nazwa: Samara
WARNING:root:ERROR dla: /zaklady_bukmacherskie/piłka-nozna/1-rosja/samara-ufa-MPL17422648
INFO:root:Nieznana nazwa: Sereď
WARNING:root:ERROR dla: /zaklady_bukmacherskie/piłka-nozna/1-slowacja/dun-streda-sered-MPL20699341
INFO:root:Nieznana nazwa: Sereď
WARNING:root:ERROR dla: /zaklady_bukmacherskie/piłka-nozna/1-slowacja/sered-michalovce-MPL20699314
INFO:root:Nieznana nazwa: Din.Vranje
WARNING:root:ERROR dla: /zaklady_bukmacherskie/piłka-nozna/1-serbia/din-vranje-zemun-MPL21093317
INFO:root:Nieznana nazwa: Prol.Novi Sad
WARNING:root:ERROR dla: /zaklady_bukmacherskie/piłka-nozna/1-serbia/cuk-beograd-prol-novi-sad-MPL21093315
INFO:root:Nieznana nazwa: St.Mirren
WARNING:root:ERROR dla: /zaklady_bukmacherskie/piłka-nozna/1-szkocja/motherwell-st-mirren-MPL21079110
INFO:root:Nieznana nazwa: Falkenberg
WARNING:root:ERROR dla: /zaklady_bukmacherskie/piłka-nozna/1-szwecja/falkenberg-malmo-ff-MPL19632837
INFO:root:Nieznana nazwa: Helsingborg
WARNING:root:ERROR dla: /zaklady_bukmacherskie/piłka-nozna/1-szwecja/helsingborg-djurgarden-MPL19632843
INFO:root:Nieznana nazwa: Xamax N.
WARNING:root:ERROR dla: /zaklady_bukmacherskie/piłka-nozna/1-szwajcaria/thun-neuchatel-MPL17324918
INFO:root:Nieznana nazwa: Rizespor
WARNING:root:ERROR dla: /zaklady_bukmacherskie/piłka-nozna/1-turcja/ankaragucu-rize-MPL17592405
INFO:root:Nieznana nazwa: Erzurum
WARNING:root:ERROR dla: /zaklady_bukmacherskie/piłka-nozna/1-turcja/erzurum-bursa-MPL17592406
INFO:root:Nieznana nazwa: Vidi FC
WARNING:root:ERROR dla: /zaklady_bukmacherskie/piłka-nozna/1-wegry/diosgyor-vidi-fc-MPL17495588
INFO:root:Nieznana nazwa: UD L.Palmas
WARNING:root:ERROR dla: /zaklady_bukmacherskie/piłka-nozna/2-hiszpania/tenerife-las-palmas-MPL17607951
INFO:root:Nieznana nazwa: Mallorca
WARNING:root:ERROR dla: /zaklady_bukmacherskie/piłka-nozna/2-hiszpania/mallorca-gijon-MPL17607949
INFO:root:Nieznana nazwa: Magdeburg
WARNING:root:ERROR dla: /zaklady_bukmacherskie/piłka-nozna/2-niemcy/bochum-magdeburg-MPL17455637
INFO:root:Nieznana nazwa: Liga Narodow UEFA
INFO:root:Nieznana nazwa: Liga Narodow UEFA
INFO:root:Nieznana nazwa: Sheffield Utd.
WARNING:root:ERROR dla: /zaklady_bukmacherskie/piłka-nozna/1-anglia/bournemouth-sheffield-utd--MPL21836956
INFO:root:Nieznana nazwa: Sheffield Utd.
WARNING:root:ERROR dla: /zaklady_bukmacherskie/piłka-nozna/1-anglia/sheffield-utd-cr-palace-MPL21837092
INFO:root:Nieznana nazwa: Ararat Armenia
INFO:root:Nieznana nazwa: Saburtalo Tbilisi
WARNING:root:ERROR dla: /zaklady_bukmacherskie/piłka-nozna/liga-europy/ararat-armenia-saburtalo-tbilisi-MPL22322495
INFO:root:Nieznana nazwa: Riga FC
INFO:root:Nieznana nazwa: HJK Helsinki
WARNING:root:ERROR dla: /zaklady_bukmacherskie/piłka-nozna/liga-europy/riga-fc-hjk-helsinki-MPL22351760
INFO:root:Nieznana nazwa: Sutjeska
INFO:root:Nieznana nazwa: Linfield
WARNING:root:ERROR dla: /zaklady_bukmacherskie/piłka-nozna/liga-europy/sutjeska-linfield-MPL22355515
INFO:root:Nieznana nazwa: Dundalk
WARNING:root:ERROR dla: /zaklady_bukmacherskie/piłka-nozna/liga-europy/slovan-brat-dundalk-MPL22334466
INFO:root:Nieznana nazwa: FC Valletta
WARNING:root:ERROR dla: /zaklady_bukmacherskie/piłka-nozna/liga-europy/fk-astana-fc-valletta-MPL22350374
INFO:root:Nieznana nazwa: AEK Larnaca
WARNING:root:ERROR dla: /zaklady_bukmacherskie/piłka-nozna/liga-europy/aek-larnaca-gent-MPL22351744
INFO:root:Nieznana nazwa: Pjunik Jerevan
WARNING:root:ERROR dla: /zaklady_bukmacherskie/piłka-nozna/liga-europy/pjunik-jerevan-wolves-MPL22355570
INFO:root:Nieznana nazwa: FK Ventspils
WARNING:root:ERROR dla: /zaklady_bukmacherskie/piłka-nozna/liga-europy/fk-ventspils-guimaraes-MPL22355586
INFO:root:Nieznana nazwa: Mariupol
WARNING:root:ERROR dla: /zaklady_bukmacherskie/piłka-nozna/liga-europy/mariupol-az-alkmaar-MPL22351728
INFO:root:Nieznana nazwa: Molde
WARNING:root:ERROR dla: /zaklady_bukmacherskie/piłka-nozna/liga-europy/molde-aris-thessal--MPL22351776
INFO:root:Nieznana nazwa: Sheriff Tiraspol
INFO:root:Nieznana nazwa: AIK Stockholm
WARNING:root:ERROR dla: /zaklady_bukmacherskie/piłka-nozna/liga-europy/serif-tiraspol-aik-stockholm-MPL22352037
INFO:root:Nieznana nazwa: Neftci Baku
INFO:root:Nieznana nazwa: Bnei Yehuda
WARNING:root:ERROR dla: /zaklady_bukmacherskie/piłka-nozna/liga-europy/neftci-baku-bnei-yehuda-MPL22352279
INFO:root:Nieznana nazwa: Zrinjski Mostar
WARNING:root:ERROR dla: /zaklady_bukmacherskie/piłka-nozna/liga-europy/malmo-ff-zrinjski-mostar-MPL22352410
INFO:root:Nieznana nazwa: Haugesund
WARNING:root:ERROR dla: /zaklady_bukmacherskie/piłka-nozna/liga-europy/haugesund-psv-eindhoven-MPL22355495
INFO:root:Nieznana nazwa: D.Tbilisi
WARNING:root:ERROR dla: /zaklady_bukmacherskie/piłka-nozna/liga-europy/feyenoord-din-tbilisi-MPL22353841
INFO:root:Nieznana nazwa: Suduva M.
WARNING:root:ERROR dla: /zaklady_bukmacherskie/piłka-nozna/liga-europy/mac-tel-aviv-suduva-MPL22322476
INFO:root:Nieznana nazwa: The New Saints
WARNING:root:ERROR dla: /zaklady_bukmacherskie/piłka-nozna/liga-europy/ludogorets-razgrad-the-new-saints-MPL22352259
INFO:root:Nieznana nazwa: FK Sarajewo
WARNING:root:ERROR dla: /zaklady_bukmacherskie/piłka-nozna/liga-europy/fk-sarajevo-bate-borisov-MPL22334483
INFO:root:Nieznana nazwa: Dudelange
INFO:root:Nieznana nazwa: Kalju
WARNING:root:ERROR dla: /zaklady_bukmacherskie/piłka-nozna/liga-europy/dudelange-nomme-kalju-MPL22322511
INFO:root:Nieznana nazwa: Norrköping
INFO:root:Nieznana nazwa: Hap.Beer Sheva
WARNING:root:ERROR dla: /zaklady_bukmacherskie/piłka-nozna/liga-europy/norrkoping-hap-beer-sheva-MPL22351808
INFO:root:Nieznana nazwa: Vaduz
WARNING:root:ERROR dla: /zaklady_bukmacherskie/piłka-nozna/liga-europy/vaduz-eint-frankfurt-MPL22355479
INFO:root:Nieznana nazwa: Apollon Limassol
WARNING:root:ERROR dla: /zaklady_bukmacherskie/piłka-nozna/liga-europy/austria-wien-apollon-limassol-MPL22352390
INFO:root:Nieznana nazwa: Raków Cz.
WARNING:root:ERROR dla: /zaklady_bukmacherskie/piłka-nozna/ekstraklasa-polska/rakow-czestochowa-cracovia-MPL21758014
INFO:root:Nieznana nazwa: Śląsk W.
WARNING:root:ERROR dla: /zaklady_bukmacherskie/piłka-nozna/ekstraklasa-polska/legia-w-slask-wroclaw-MPL21757990
INFO:root:Nieznana nazwa: Pogoń Sz.
WARNING:root:ERROR dla: /zaklady_bukmacherskie/piłka-nozna/ekstraklasa-polska/piast-gliwice-pogon-szczecin-MPL21758006
INFO:root:Nieznana nazwa: Wisła K.
INFO:root:Nieznana nazwa: Górnik Z.
WARNING:root:ERROR dla: /zaklady_bukmacherskie/piłka-nozna/ekstraklasa-polska/wisla-krakow-gornik-zabrze-MPL21758022
INFO:root:Nieznana nazwa: Górnik Z.
INFO:root:Nieznana nazwa: Raków Cz.
WARNING:root:ERROR dla: /zaklady_bukmacherskie/piłka-nozna/ekstraklasa-polska/gornik-zabrze-rakow-czestochowa-MPL21758054
INFO:root:Nieznana nazwa: Śląsk W.
WARNING:root:ERROR dla: /zaklady_bukmacherskie/piłka-nozna/ekstraklasa-polska/lech-poznan-slask-wroclaw-MPL21758062
INFO:root:Nieznana nazwa: Pogoń Sz.
INFO:root:Nieznana nazwa: Wisła K.
WARNING:root:ERROR dla: /zaklady_bukmacherskie/piłka-nozna/ekstraklasa-polska/pogon-szczecin-wisla-krakow-MPL21758086
INFO:root:Nieznana nazwa: Mallorca
WARNING:root:ERROR dla: /zaklady_bukmacherskie/piłka-nozna/1-hiszpania/mallorca-eibar-MPL22060840
INFO:root:Nieznana nazwa: GKS Bełchatów
WARNING:root:ERROR dla: /zaklady_bukmacherskie/piłka-nozna/fortuna-1-liga-polska/warta-poznan-gks-belchatow-MPL21955215
INFO:root:Nieznana nazwa: S.Częstochowa
WARNING:root:ERROR dla: /zaklady_bukmacherskie/piłka-nozna/2-polska/skra-czestochowa-garbarnia-krakow-MPL21983701
INFO:root:Nieznana nazwa: Resovia
WARNING:root:ERROR dla: /zaklady_bukmacherskie/piłka-nozna/2-polska/pogon-siedlce-resovia-rzeszow-MPL21983699
INFO:root:Nieznana nazwa: B.Bytów
WARNING:root:ERROR dla: /zaklady_bukmacherskie/piłka-nozna/2-polska/bytovia-bytow-widzew-lodz-MPL21983694
INFO:root:Nieznana nazwa: G.Polkowice
WARNING:root:ERROR dla: /zaklady_bukmacherskie/piłka-nozna/2-polska/olimpia-elblag-polkowice-MPL21983697
INFO:root:Nieznana nazwa: G.Łęczna
INFO:root:Nieznana nazwa: Lech II Poznań
WARNING:root:ERROR dla: /zaklady_bukmacherskie/piłka-nozna/2-polska/gornik-leczna-lech-poznan-ii-MPL21983695
INFO:root:Nieznana nazwa: S.Rzeszów
INFO:root:Nieznana nazwa: L.Legionowo
WARNING:root:ERROR dla: /zaklady_bukmacherskie/piłka-nozna/2-polska/stal-rzeszow-legionowo-MPL21983702
INFO:root:Nieznana nazwa: Wattens
WARNING:root:ERROR dla: /zaklady_bukmacherskie/piłka-nozna/1-austria/altach-wattens-MPL21957224
INFO:root:Nieznana nazwa: Hartberg
WARNING:root:ERROR dla: /zaklady_bukmacherskie/piłka-nozna/1-austria/hartberg-admira-MPL21957228
INFO:root:Nieznana nazwa: Wolfsberg AC
WARNING:root:ERROR dla: /zaklady_bukmacherskie/piłka-nozna/1-austria/wolfsberg-ac-sturm-graz-MPL21957234
INFO:root:Nieznana nazwa: Ceará CE
INFO:root:Nieznana nazwa: Fortaleza CE
WARNING:root:ERROR dla: /zaklady_bukmacherskie/piłka-nozna/1-brazylia/ceara-ce-fortaleza-ce-MPL20895444
INFO:root:Nieznana nazwa: Goias GO
WARNING:root:ERROR dla: /zaklady_bukmacherskie/piłka-nozna/1-brazylia/santos-sp-goias-go-MPL20895452
INFO:root:Nieznana nazwa: CSA AL
WARNING:root:ERROR dla: /zaklady_bukmacherskie/piłka-nozna/1-brazylia/vasco-da-gama-rj-csa-al-MPL20895454
INFO:root:Nieznana nazwa: Tsarsko Selo
WARNING:root:ERROR dla: /zaklady_bukmacherskie/piłka-nozna/1-bulgaria/tsarsko-selo-levski-sofia-MPL21916066
INFO:root:Nieznana nazwa: Coquimbo Unido
WARNING:root:ERROR dla: /zaklady_bukmacherskie/piłka-nozna/1-chile/dep-iquique-coquimbo-unido-MPL22227416
INFO:root:Nieznana nazwa: Cobresal
WARNING:root:ERROR dla: /zaklady_bukmacherskie/piłka-nozna/1-chile/cobresal-o-higgins-MPL22227414
INFO:root:Nieznana nazwa: Univ.Chile
WARNING:root:ERROR dla: /zaklady_bukmacherskie/piłka-nozna/1-chile/univ-chile-a-italiano-MPL22227420
INFO:root:Nieznana nazwa: Univ.Concepcion
INFO:root:Nieznana nazwa: Univ.Catolica
WARNING:root:ERROR dla: /zaklady_bukmacherskie/piłka-nozna/1-chile/univ-concepcion-univ-catolica-MPL22227419
INFO:root:Nieznana nazwa: Varteks V.
WARNING:root:ERROR dla: /zaklady_bukmacherskie/piłka-nozna/1-chorwacja/istra-1961-varazdin-MPL21903239
INFO:root:Nieznana nazwa: Cz.Budziejow.
WARNING:root:ERROR dla: /zaklady_bukmacherskie/piłka-nozna/1-czechy/c-budejovice-jablonec-MPL21894638
INFO:root:Nieznana nazwa: Pribram
WARNING:root:ERROR dla: /zaklady_bukmacherskie/piłka-nozna/1-czechy/sparta-pribram-MPL21894678
INFO:root:Nieznana nazwa: Pribram
INFO:root:Nieznana nazwa: Cz.Budziejow.
WARNING:root:ERROR dla: /zaklady_bukmacherskie/piłka-nozna/1-czechy/pribram-c-budejovice-MPL21894734
INFO:root:Nieznana nazwa: Opawa
WARNING:root:ERROR dla: /zaklady_bukmacherskie/piłka-nozna/1-czechy/jablonec-opava-MPL21894694
INFO:root:Nieznana nazwa: Nordsjaeland
WARNING:root:ERROR dla: /zaklady_bukmacherskie/piłka-nozna/1-dania/randers-nordsjaeland-MPL21831874
INFO:root:Nieznana nazwa: Esbjerg
WARNING:root:ERROR dla: /zaklady_bukmacherskie/piłka-nozna/1-dania/esbjerg-odense-MPL21831868
INFO:root:Nieznana nazwa: Waalwijk
WARNING:root:ERROR dla: /zaklady_bukmacherskie/piłka-nozna/1-holandia/vvv-venlo-waalwijk-MPL21901687
INFO:root:Nieznana nazwa: Famalicao
WARNING:root:ERROR dla: /zaklady_bukmacherskie/piłka-nozna/1-portugalia/santa-clara-famalicao-MPL22097918
INFO:root:Nieznana nazwa: Gil Vicente
WARNING:root:ERROR dla: /zaklady_bukmacherskie/piłka-nozna/1-portugalia/gil-vicente-fc-porto-MPL22097910
INFO:root:Nieznana nazwa: Chindia Targoviste
WARNING:root:ERROR dla: /zaklady_bukmacherskie/piłka-nozna/1-rumunia/chindia-targoviste-cfr-cluj-MPL22006771
INFO:root:Nieznana nazwa: Hermannstadt
WARNING:root:ERROR dla: /zaklady_bukmacherskie/piłka-nozna/1-rumunia/hermannstadt-u-craiova-MPL22006764
INFO:root:Nieznana nazwa: Poli Iasi
WARNING:root:ERROR dla: /zaklady_bukmacherskie/piłka-nozna/1-rumunia/voluntari-poli-iasi-MPL22006785
INFO:root:Nieznana nazwa: Poli Iasi
WARNING:root:ERROR dla: /zaklady_bukmacherskie/piłka-nozna/1-rumunia/poli-iasi-din-bucuresti-MPL22006820
INFO:root:Nieznana nazwa: Clinceni
INFO:root:Nieznana nazwa: Chindia Targoviste
WARNING:root:ERROR dla: /zaklady_bukmacherskie/piłka-nozna/1-rumunia/clinceni-chindia-targoviste-MPL22006799
INFO:root:Nieznana nazwa: Hermannstadt
WARNING:root:ERROR dla: /zaklady_bukmacherskie/piłka-nozna/1-rumunia/cfr-cluj-hermannstadt-MPL22006792
INFO:root:Nieznana nazwa: Samara
WARNING:root:ERROR dla: /zaklady_bukmacherskie/piłka-nozna/1-rosja/samara-lok-moskva-MPL21832288
INFO:root:Nieznana nazwa: Tambov
WARNING:root:ERROR dla: /zaklady_bukmacherskie/piłka-nozna/1-rosja/tambov-arsenal-tula-MPL21832294
INFO:root:Nieznana nazwa: Soczi
WARNING:root:ERROR dla: /zaklady_bukmacherskie/piłka-nozna/1-rosja/soci-ufa-MPL21832290
INFO:root:Nieznana nazwa: Akhmat Grozny
WARNING:root:ERROR dla: /zaklady_bukmacherskie/piłka-nozna/1-rosja/akhmat-grozny-orenburg-MPL21832284
INFO:root:Nieznana nazwa: Pohronie
WARNING:root:ERROR dla: /zaklady_bukmacherskie/piłka-nozna/1-slowacja/ruzomberok-pohronie-MPL21903622
INFO:root:Nieznana nazwa: Sereď
WARNING:root:ERROR dla: /zaklady_bukmacherskie/piłka-nozna/1-slowacja/sered-dun-streda-MPL21903638
INFO:root:Nieznana nazwa: Sereď
WARNING:root:ERROR dla: /zaklady_bukmacherskie/piłka-nozna/1-slowacja/nitra-sered-MPL21903678
INFO:root:Nieznana nazwa: Pohronie
WARNING:root:ERROR dla: /zaklady_bukmacherskie/piłka-nozna/1-slowacja/pohronie-trnava-MPL21903686
INFO:root:Nieznana nazwa: Indjija
INFO:root:Nieznana nazwa: Napredak Krusevac
WARNING:root:ERROR dla: /zaklady_bukmacherskie/piłka-nozna/1-serbia/indjija-napredak-krusevac-MPL21916622
INFO:root:Nieznana nazwa: Backa Topola
WARNING:root:ERROR dla: /zaklady_bukmacherskie/piłka-nozna/1-serbia/sp-subotica-backa-topola-MPL21916630
INFO:root:Nieznana nazwa: St.Mirren
WARNING:root:ERROR dla: /zaklady_bukmacherskie/piłka-nozna/1-szkocja/hibernian-st-mirren-MPL21964732
INFO:root:Nieznana nazwa: Falkenberg
INFO:root:Nieznana nazwa: Helsingborg
WARNING:root:ERROR dla: /zaklady_bukmacherskie/piłka-nozna/1-szwecja/falkenberg-helsingborg-MPL21849233
INFO:root:Nieznana nazwa: Servette
WARNING:root:ERROR dla: /zaklady_bukmacherskie/piłka-nozna/1-szwajcaria/servette-luzern-MPL21956487
INFO:root:Nieznana nazwa: Xamax Neuchatel
WARNING:root:ERROR dla: /zaklady_bukmacherskie/piłka-nozna/1-szwajcaria/xamax-neuchatel-st-gallen-MPL21956493
INFO:root:Nieznana nazwa: Denizlispor
WARNING:root:ERROR dla: /zaklady_bukmacherskie/piłka-nozna/1-turcja/denizli-galatasaray-MPL22228600
INFO:root:Nieznana nazwa: Gazisehir
WARNING:root:ERROR dla: /zaklady_bukmacherskie/piłka-nozna/1-turcja/fenerbahce-gazisehir-MPL22228602
INFO:root:Nieznana nazwa: Rizespor
WARNING:root:ERROR dla: /zaklady_bukmacherskie/piłka-nozna/1-turcja/genclerbirligi-caykur-rize-MPL22228604
INFO:root:Nieznana nazwa: Istanbul Basaksehir
WARNING:root:ERROR dla: /zaklady_bukmacherskie/piłka-nozna/1-turcja/yeni-malatya-istanbul-basaksehir-MPL22228616
INFO:root:Nieznana nazwa: Zalaegerszeg
WARNING:root:ERROR dla: /zaklady_bukmacherskie/piłka-nozna/1-wegry/mezokovesd-zalaegerszeg-MPL22077596
INFO:root:Nieznana nazwa: Diosgyori VTK
WARNING:root:ERROR dla: /zaklady_bukmacherskie/piłka-nozna/1-wegry/diosgyori-vtk-honved-MPL22298688
INFO:root:Nieznana nazwa: MOL Fehervar
INFO:root:Nieznana nazwa: Rakoczi Kaposvar
WARNING:root:ERROR dla: /zaklady_bukmacherskie/piłka-nozna/1-wegry/mol-fehervar-rakoczi-kaposvar-MPL22077598
INFO:root:Nieznana nazwa: Charlton
WARNING:root:ERROR dla: /zaklady_bukmacherskie/piłka-nozna/2-anglia/blackburn-charlton-MPL21943685
INFO:root:Nieznana nazwa: Karlsruhe
WARNING:root:ERROR dla: /zaklady_bukmacherskie/piłka-nozna/2-niemcy/karlsruhe-dyn-dresden-MPL22073676
INFO:root:Nieznana nazwa: VFB Stuttgart
WARNING:root:ERROR dla: /zaklady_bukmacherskie/piłka-nozna/2-niemcy/heidenheim-vfb-stuttgart-MPL22073674
INFO:root:Nieznana nazwa: Wehen
WARNING:root:ERROR dla: /zaklady_bukmacherskie/piłka-nozna/2-niemcy/aue-wehen-MPL22073666
